0 verbose cli /usr/bin/node /usr/bin/npm
1 info using npm@9.8.1
2 info using node@v18.17.1
3 timing npm:load:whichnode Completed in 0ms
4 timing config:load:defaults Completed in 1ms
5 timing config:load:file:/usr/lib/node_modules/npm/npmrc Completed in 0ms
6 timing config:load:builtin Completed in 1ms
7 timing config:load:cli Completed in 2ms
8 timing config:load:env Completed in 0ms
9 timing config:load:file:/var/www/.npmrc Completed in 0ms
10 timing config:load:project Completed in 3ms
11 timing config:load:file:/var/www/.home/.npmrc Completed in 0ms
12 timing config:load:user Completed in 0ms
13 timing config:load:file:/usr/etc/npmrc Completed in 0ms
14 timing config:load:global Completed in 0ms
15 timing config:load:setEnvs Completed in 1ms
16 timing config:load Completed in 9ms
17 timing npm:load:configload Completed in 9ms
18 timing config:load:flatten Completed in 2ms
19 timing npm:load:mkdirpcache Completed in 0ms
20 timing npm:load:mkdirplogs Completed in 0ms
21 verbose title npm i vue
22 verbose argv "i" "vue"
23 timing npm:load:setTitle Completed in 1ms
24 timing npm:load:display Completed in 0ms
25 verbose logfile logs-max:10 dir:/var/www/.home/.npm/_logs/2023-09-09T03_40_39_406Z-
26 verbose logfile /var/www/.home/.npm/_logs/2023-09-09T03_40_39_406Z-debug-0.log
27 timing npm:load:logFile Completed in 6ms
28 timing npm:load:timers Completed in 1ms
29 timing npm:load:configScope Completed in 0ms
30 timing npm:load Completed in 30ms
31 timing arborist:ctor Completed in 1ms
32 silly logfile done cleaning log files
33 timing idealTree:init Completed in 146ms
34 timing idealTree:userRequests Completed in 1ms
35 silly idealTree buildDeps
36 silly fetch manifest vue@*
37 timing arborist:ctor Completed in 0ms
38 http fetch GET 200 https://registry.npmjs.org/vue 67ms (cache hit)
39 silly placeDep ROOT vue@3.3.4 REPLACE for:  want: *
40 timing idealTree:#root Completed in 78ms
41 timing idealTree:node_modules/vue Completed in 0ms
42 timing idealTree:buildDeps Completed in 79ms
43 timing idealTree:fixDepFlags Completed in 2ms
44 timing idealTree Completed in 232ms
45 timing reify:loadTrees Completed in 232ms
46 timing reify:diffTrees Completed in 5ms
47 silly reify moves {}
48 timing reify:retireShallow Completed in 1ms
49 timing reify:createSparse Completed in 2ms
50 timing reify:loadBundles Completed in 0ms
51 silly audit bulk request {
51 silly audit   '@babel/parser': [ '7.22.16' ],
51 silly audit   '@esbuild/android-arm': [ '0.18.20' ],
51 silly audit   '@esbuild/android-arm64': [ '0.18.20' ],
51 silly audit   '@esbuild/android-x64': [ '0.18.20' ],
51 silly audit   '@esbuild/darwin-arm64': [ '0.18.20' ],
51 silly audit   '@esbuild/darwin-x64': [ '0.18.20' ],
51 silly audit   '@esbuild/freebsd-arm64': [ '0.18.20' ],
51 silly audit   '@esbuild/freebsd-x64': [ '0.18.20' ],
51 silly audit   '@esbuild/linux-arm': [ '0.18.20' ],
51 silly audit   '@esbuild/linux-arm64': [ '0.18.20' ],
51 silly audit   '@esbuild/linux-ia32': [ '0.18.20' ],
51 silly audit   '@esbuild/linux-loong64': [ '0.18.20' ],
51 silly audit   '@esbuild/linux-mips64el': [ '0.18.20' ],
51 silly audit   '@esbuild/linux-ppc64': [ '0.18.20' ],
51 silly audit   '@esbuild/linux-riscv64': [ '0.18.20' ],
51 silly audit   '@esbuild/linux-s390x': [ '0.18.20' ],
51 silly audit   '@esbuild/linux-x64': [ '0.18.20' ],
51 silly audit   '@esbuild/netbsd-x64': [ '0.18.20' ],
51 silly audit   '@esbuild/openbsd-x64': [ '0.18.20' ],
51 silly audit   '@esbuild/sunos-x64': [ '0.18.20' ],
51 silly audit   '@esbuild/win32-arm64': [ '0.18.20' ],
51 silly audit   '@esbuild/win32-ia32': [ '0.18.20' ],
51 silly audit   '@esbuild/win32-x64': [ '0.18.20' ],
51 silly audit   '@foliojs-fork/fontkit': [ '1.9.1' ],
51 silly audit   '@foliojs-fork/linebreak': [ '1.1.1' ],
51 silly audit   '@foliojs-fork/pdfkit': [ '0.13.0' ],
51 silly audit   '@foliojs-fork/restructure': [ '2.0.2' ],
51 silly audit   '@fortawesome/fontawesome-free': [ '5.15.4' ],
51 silly audit   '@jridgewell/sourcemap-codec': [ '1.4.15' ],
51 silly audit   '@lgaitan/pace-progress': [ '1.0.7' ],
51 silly audit   '@popperjs/core': [ '2.11.8' ],
51 silly audit   '@sweetalert2/theme-bootstrap-4': [ '5.0.15' ],
51 silly audit   '@ttskch/select2-bootstrap4-theme': [ '1.5.2' ],
51 silly audit   '@vue/compiler-core': [ '3.3.4' ],
51 silly audit   '@vue/compiler-dom': [ '3.3.4' ],
51 silly audit   '@vue/compiler-sfc': [ '3.3.4' ],
51 silly audit   '@vue/compiler-ssr': [ '3.3.4' ],
51 silly audit   '@vue/devtools-api': [ '6.5.0' ],
51 silly audit   '@vue/reactivity': [ '3.3.4' ],
51 silly audit   '@vue/reactivity-transform': [ '3.3.4' ],
51 silly audit   '@vue/runtime-core': [ '3.3.4' ],
51 silly audit   '@vue/runtime-dom': [ '3.3.4' ],
51 silly audit   '@vue/server-renderer': [ '3.3.4' ],
51 silly audit   '@vue/shared': [ '3.3.4' ],
51 silly audit   acorn: [ '7.4.1' ],
51 silly audit   'acorn-node': [ '1.8.2' ],
51 silly audit   'acorn-walk': [ '7.2.0' ],
51 silly audit   'admin-lte': [ '3.2.0' ],
51 silly audit   bootstrap: [ '4.6.2', '3.4.1', '5.3.1' ],
51 silly audit   amdefine: [ '1.0.1' ],
51 silly audit   'array-from': [ '2.1.1' ],
51 silly audit   'ast-transform': [ '0.0.0' ],
51 silly audit   'ast-types': [ '0.7.8' ],
51 silly audit   asynckit: [ '0.4.0' ],
51 silly audit   axios: [ '1.5.0' ],
51 silly audit   'base64-js': [ '1.3.1' ],
51 silly audit   'bootstrap-colorpicker': [ '3.4.0' ],
51 silly audit   'bootstrap-slider': [ '11.0.2' ],
51 silly audit   'bootstrap-switch': [ '3.3.4' ],
51 silly audit   'bootstrap4-duallistbox': [ '4.0.2' ],
51 silly audit   brfs: [ '2.0.2' ],
51 silly audit   brotli: [ '1.3.3' ],
51 silly audit   'browser-resolve': [ '1.11.3' ],
51 silly audit   resolve: [ '1.1.7', '1.22.4' ],
51 silly audit   'browserify-optional': [ '1.0.1' ],
51 silly audit   'bs-custom-file-input': [ '1.3.4' ],
51 silly audit   'bs-stepper': [ '1.7.0' ],
51 silly audit   'buffer-equal': [ '0.0.1' ],
51 silly audit   'buffer-from': [ '1.1.2' ],
51 silly audit   'call-bind': [ '1.0.2' ],
51 silly audit   'chart.js': [ '2.9.4' ],
51 silly audit   'chartjs-color': [ '2.4.1' ],
51 silly audit   'chartjs-color-string': [ '0.6.0' ],
51 silly audit   clone: [ '1.0.4' ],
51 silly audit   codemirror: [ '5.65.15' ],
51 silly audit   'color-convert': [ '1.9.3' ],
51 silly audit   'color-name': [ '1.1.3', '1.1.4' ],
51 silly audit   'combined-stream': [ '1.0.8' ],
51 silly audit   'concat-stream': [ '1.6.2' ],
51 silly audit   'convert-source-map': [ '1.9.0' ],
51 silly audit   'core-util-is': [ '1.0.3' ],
51 silly audit   'crypto-js': [ '4.1.1' ],
51 silly audit   csstype: [ '3.1.2' ],
51 silly audit   d: [ '1.0.1' ],
51 silly audit   'dash-ast': [ '2.0.1' ],
51 silly audit   'datatables.net': [ '1.13.6' ],
51 silly audit   'datatables.net-autofill': [ '2.6.0' ],
51 silly audit   'datatables.net-autofill-bs4': [ '2.6.0' ],
51 silly audit   'datatables.net-bs4': [ '1.13.6' ],
51 silly audit   'datatables.net-buttons': [ '2.4.2' ],
51 silly audit   'datatables.net-buttons-bs4': [ '2.4.2' ],
51 silly audit   'datatables.net-colreorder': [ '1.7.0' ],
51 silly audit   'datatables.net-colreorder-bs4': [ '1.7.0' ],
51 silly audit   'datatables.net-fixedcolumns': [ '4.3.0' ],
51 silly audit   'datatables.net-fixedcolumns-bs4': [ '4.3.0' ],
51 silly audit   'datatables.net-fixedheader': [ '3.4.0' ],
51 silly audit   'datatables.net-fixedheader-bs4': [ '3.4.0' ],
51 silly audit   'datatables.net-keytable': [ '2.10.0' ],
51 silly audit   'datatables.net-keytable-bs4': [ '2.10.0' ],
51 silly audit   'datatables.net-responsive': [ '2.5.0' ],
51 silly audit   'datatables.net-responsive-bs4': [ '2.5.0' ],
51 silly audit   'datatables.net-rowgroup': [ '1.4.0' ],
51 silly audit   'datatables.net-rowgroup-bs4': [ '1.4.0' ],
51 silly audit   'datatables.net-rowreorder': [ '1.4.1' ],
51 silly audit   'datatables.net-rowreorder-bs4': [ '1.4.1' ],
51 silly audit   'datatables.net-scroller': [ '2.2.0' ],
51 silly audit   'datatables.net-scroller-bs4': [ '2.2.0' ],
51 silly audit   'datatables.net-searchbuilder': [ '1.5.0' ],
51 silly audit   'datatables.net-searchbuilder-bs4': [ '1.5.0' ],
51 silly audit   'datatables.net-searchpanes': [ '2.2.0' ],
51 silly audit   'datatables.net-searchpanes-bs4': [ '1.4.0' ],
51 silly audit   'datatables.net-select': [ '1.7.0' ],
51 silly audit   'datatables.net-select-bs4': [ '1.7.0' ],
51 silly audit   daterangepicker: [ '3.1.0' ],
51 silly audit   'deep-equal': [ '1.1.1' ],
51 silly audit   'deep-is': [ '0.1.4' ],
51 silly audit   'define-properties': [ '1.2.0' ],
51 silly audit   'delayed-stream': [ '1.0.0' ],
51 silly audit   dfa: [ '1.2.0' ],
51 silly audit   dropzone: [ '5.9.3' ],
51 silly audit   duplexer2: [ '0.1.4' ],
51 silly audit   'ekko-lightbox': [ '5.3.0' ],
51 silly audit   'es5-ext': [ '0.10.62' ],
51 silly audit   'es6-iterator': [ '2.0.3' ],
51 silly audit   'es6-map': [ '0.1.5' ],
51 silly audit   'es6-set': [ '0.1.6' ],
51 silly audit   type: [ '2.7.2', '1.2.0' ],
51 silly audit   'es6-symbol': [ '3.1.3' ],
51 silly audit   esbuild: [ '0.18.20' ],
51 silly audit   escodegen: [ '1.2.0', '1.14.3' ],
51 silly audit   esprima: [ '1.0.4', '4.0.1' ],
51 silly audit   estraverse: [ '1.5.1', '4.3.0' ],
51 silly audit   'estree-is-function': [ '1.0.0' ],
51 silly audit   'estree-walker': [ '2.0.2' ],
51 silly audit   esutils: [ '1.0.0', '2.0.3' ],
51 silly audit   'ev-emitter': [ '1.1.1' ],
51 silly audit   'eve-raphael': [ '0.5.0' ],
51 silly audit   'event-emitter': [ '0.3.5' ],
51 silly audit   ext: [ '1.7.0' ],
51 silly audit   'fast-levenshtein': [ '2.0.6' ],
51 silly audit   'fast-memoize': [ '2.5.2' ],
51 silly audit   fastclick: [ '1.0.6' ],
51 silly audit   filterizr: [ '2.2.4' ],
51 silly audit   'flag-icon-css': [ '4.1.7' ],
51 silly audit   flot: [ '4.2.6' ],
51 silly audit   'follow-redirects': [ '1.15.2' ],
51 silly audit   'form-data': [ '4.0.0' ],
51 silly audit   'fs-extra': [ '10.1.0' ],
51 silly audit   fsevents: [ '2.3.3' ],
51 silly audit   fullcalendar: [ '5.11.5' ],
51 silly audit   'function-bind': [ '1.1.1' ],
51 silly audit   'functions-have-names': [ '1.2.3' ],
51 silly audit   'get-assigned-identifiers': [ '1.2.0' ],
51 silly audit   'get-intrinsic': [ '1.2.1' ],
51 silly audit   'graceful-fs': [ '4.2.11' ],
51 silly audit   has: [ '1.0.3' ],
51 silly audit   'has-property-descriptors': [ '1.0.0' ],
51 silly audit   'has-proto': [ '1.0.1' ],
51 silly audit   'has-symbols': [ '1.0.3' ],
51 silly audit   'has-tostringtag': [ '1.0.0' ],
51 silly audit   'icheck-bootstrap': [ '3.0.1' ],
51 silly audit   'iconv-lite': [ '0.6.3' ],
51 silly audit   imagesloaded: [ '4.1.4' ],
51 silly audit   immediate: [ '3.0.6' ],
51 silly audit   inherits: [ '2.0.4' ],
51 silly audit   inputmask: [ '5.0.8' ],
51 silly audit   'ion-rangeslider': [ '2.3.1' ],
51 silly audit   'is-arguments': [ '1.1.1' ],
51 silly audit   'is-core-module': [ '2.13.0' ],
51 silly audit   'is-date-object': [ '1.0.5' ],
51 silly audit   'is-regex': [ '1.1.4' ],
51 silly audit   isarray: [ '1.0.0' ],
51 silly audit   jquery: [ '3.7.1' ],
51 silly audit   'jquery-knob-chif': [ '1.2.13' ],
51 silly audit   'jquery-mapael': [ '2.2.0' ],
51 silly audit   'jquery-mousewheel': [ '3.1.13' ],
51 silly audit   'jquery-ui-dist': [ '1.13.2' ],
51 silly audit   'jquery-validation': [ '1.19.5' ],
51 silly audit   'jqvmap-novulnerability': [ '1.5.1' ],
51 silly audit   jsgrid: [ '1.5.3' ],
51 silly audit   jsonfile: [ '6.1.0' ],
51 silly audit   jszip: [ '3.10.1' ],
51 silly audit   'laravel-vite-plugin': [ '0.7.8' ],
51 silly audit   levn: [ '0.3.0' ],
51 silly audit   lie: [ '3.3.0' ],
51 silly audit   lodash: [ '4.17.21' ],
51 silly audit   'magic-string': [ '0.30.3', '0.25.1' ],
51 silly audit   'merge-source-map': [ '1.0.4' ],
51 silly audit   'source-map': [ '0.5.7', '0.1.43', '0.6.1' ],
51 silly audit   'mime-db': [ '1.52.0' ],
51 silly audit   'mime-types': [ '2.1.35' ],
51 silly audit   minimist: [ '1.2.8' ],
51 silly audit   moment: [ '2.29.4' ],
51 silly audit   'moment-timezone': [ '0.5.43' ],
51 silly audit   nanoid: [ '3.3.6' ],
51 silly audit   'next-tick': [ '1.1.0' ],
51 silly audit   'object-inspect': [ '1.12.3' ],
51 silly audit   'object-is': [ '1.1.5' ],
51 silly audit   'object-keys': [ '1.1.1' ],
51 silly audit   optionator: [ '0.8.3' ],
51 silly audit   overlayscrollbars: [ '1.13.3' ],
51 silly audit   pako: [ '1.0.11', '0.2.9' ],
51 silly audit   'path-parse': [ '1.0.7' ],
51 silly audit   pdfmake: [ '0.2.7' ],
51 silly audit   picocolors: [ '1.0.0' ],
51 silly audit   picomatch: [ '2.3.1' ],
51 silly audit   'png-js': [ '1.0.0' ],
51 silly audit   'popper.js': [ '1.16.1' ],
51 silly audit   postcss: [ '8.4.29' ],
51 silly audit   'prelude-ls': [ '1.1.2' ],
51 silly audit   'process-nextick-args': [ '2.0.1' ],
51 silly audit   'proxy-from-env': [ '1.1.0' ],
51 silly audit   'quote-stream': [ '1.0.2' ],
51 silly audit   raphael: [ '2.3.0' ],
51 silly audit   'readable-stream': [ '2.3.8' ],
51 silly audit   'regexp.prototype.flags': [ '1.5.0' ],
51 silly audit   rollup: [ '3.29.0' ],
51 silly audit   'safe-buffer': [ '5.1.2' ],
51 silly audit   'safer-buffer': [ '2.1.2' ],
51 silly audit   sax: [ '1.2.4' ],
51 silly audit   'scope-analyzer': [ '2.1.2' ],
51 silly audit   select2: [ '4.0.13' ],
51 silly audit   setimmediate: [ '1.0.5' ],
51 silly audit   'shallow-copy': [ '0.0.1' ],
51 silly audit   'source-map-js': [ '1.0.2' ],
51 silly audit   'sourcemap-codec': [ '1.4.8' ],
51 silly audit   sparklines: [ '1.3.0' ],
51 silly audit   'static-eval': [ '2.1.0' ],
51 silly audit   'static-module': [ '3.0.4' ],
51 silly audit   string_decoder: [ '1.1.1' ],
51 silly audit   summernote: [ '0.8.20' ],
51 silly audit   'supports-preserve-symlinks-flag': [ '1.0.0' ],
51 silly audit   sweetalert2: [ '11.7.27' ],
51 silly audit   'tempusdominus-bootstrap-4': [ '5.39.2' ],
51 silly audit   'tempusdominus-core': [ '5.19.3' ],
51 silly audit   through: [ '2.3.8' ],
51 silly audit   through2: [ '2.0.5' ],
51 silly audit   'tiny-inflate': [ '1.0.3' ],
51 silly audit   toastr: [ '2.1.4' ],
51 silly audit   'type-check': [ '0.3.2' ],
51 silly audit   typedarray: [ '0.0.6' ],
51 silly audit   'unicode-properties': [ '1.4.1' ],
51 silly audit   'unicode-trie': [ '2.0.0' ],
51 silly audit   universalify: [ '2.0.0' ],
51 silly audit   uplot: [ '1.6.25' ],
51 silly audit   'util-deprecate': [ '1.0.2' ],
51 silly audit   vite: [ '4.4.9' ],
51 silly audit   'vite-plugin-full-reload': [ '1.0.5' ],
51 silly audit   'vue-router': [ '4.2.4' ],
51 silly audit   'word-wrap': [ '1.2.5' ],
51 silly audit   xmldoc: [ '1.3.0' ],
51 silly audit   xtend: [ '4.0.2' ],
51 silly audit   vue: [ '3.3.4' ]
51 silly audit }
52 verbose reify failed optional dependency /var/www/node_modules/fsevents
53 silly reify mark deleted [ '/var/www/node_modules/fsevents' ]
54 verbose reify failed optional dependency /var/www/node_modules/@esbuild/win32-x64
55 silly reify mark deleted [ '/var/www/node_modules/@esbuild/win32-x64' ]
56 verbose reify failed optional dependency /var/www/node_modules/@esbuild/win32-ia32
57 silly reify mark deleted [ '/var/www/node_modules/@esbuild/win32-ia32' ]
58 verbose reify failed optional dependency /var/www/node_modules/@esbuild/win32-arm64
59 silly reify mark deleted [ '/var/www/node_modules/@esbuild/win32-arm64' ]
60 verbose reify failed optional dependency /var/www/node_modules/@esbuild/sunos-x64
61 silly reify mark deleted [ '/var/www/node_modules/@esbuild/sunos-x64' ]
62 verbose reify failed optional dependency /var/www/node_modules/@esbuild/openbsd-x64
63 silly reify mark deleted [ '/var/www/node_modules/@esbuild/openbsd-x64' ]
64 verbose reify failed optional dependency /var/www/node_modules/@esbuild/netbsd-x64
65 silly reify mark deleted [ '/var/www/node_modules/@esbuild/netbsd-x64' ]
66 verbose reify failed optional dependency /var/www/node_modules/@esbuild/linux-s390x
67 silly reify mark deleted [ '/var/www/node_modules/@esbuild/linux-s390x' ]
68 verbose reify failed optional dependency /var/www/node_modules/@esbuild/linux-riscv64
69 silly reify mark deleted [ '/var/www/node_modules/@esbuild/linux-riscv64' ]
70 verbose reify failed optional dependency /var/www/node_modules/@esbuild/linux-ppc64
71 silly reify mark deleted [ '/var/www/node_modules/@esbuild/linux-ppc64' ]
72 verbose reify failed optional dependency /var/www/node_modules/@esbuild/linux-mips64el
73 silly reify mark deleted [ '/var/www/node_modules/@esbuild/linux-mips64el' ]
74 verbose reify failed optional dependency /var/www/node_modules/@esbuild/linux-loong64
75 silly reify mark deleted [ '/var/www/node_modules/@esbuild/linux-loong64' ]
76 verbose reify failed optional dependency /var/www/node_modules/@esbuild/linux-ia32
77 silly reify mark deleted [ '/var/www/node_modules/@esbuild/linux-ia32' ]
78 verbose reify failed optional dependency /var/www/node_modules/@esbuild/linux-arm64
79 silly reify mark deleted [ '/var/www/node_modules/@esbuild/linux-arm64' ]
80 verbose reify failed optional dependency /var/www/node_modules/@esbuild/linux-arm
81 silly reify mark deleted [ '/var/www/node_modules/@esbuild/linux-arm' ]
82 verbose reify failed optional dependency /var/www/node_modules/@esbuild/freebsd-x64
83 silly reify mark deleted [ '/var/www/node_modules/@esbuild/freebsd-x64' ]
84 verbose reify failed optional dependency /var/www/node_modules/@esbuild/freebsd-arm64
85 silly reify mark deleted [ '/var/www/node_modules/@esbuild/freebsd-arm64' ]
86 verbose reify failed optional dependency /var/www/node_modules/@esbuild/darwin-x64
87 silly reify mark deleted [ '/var/www/node_modules/@esbuild/darwin-x64' ]
88 verbose reify failed optional dependency /var/www/node_modules/@esbuild/darwin-arm64
89 silly reify mark deleted [ '/var/www/node_modules/@esbuild/darwin-arm64' ]
90 verbose reify failed optional dependency /var/www/node_modules/@esbuild/android-x64
91 silly reify mark deleted [ '/var/www/node_modules/@esbuild/android-x64' ]
92 verbose reify failed optional dependency /var/www/node_modules/@esbuild/android-arm64
93 silly reify mark deleted [ '/var/www/node_modules/@esbuild/android-arm64' ]
94 verbose reify failed optional dependency /var/www/node_modules/@esbuild/android-arm
95 silly reify mark deleted [ '/var/www/node_modules/@esbuild/android-arm' ]
96 timing reifyNode:node_modules/fsevents Completed in 52ms
97 timing reifyNode:node_modules/@esbuild/win32-x64 Completed in 52ms
98 timing reifyNode:node_modules/@esbuild/win32-ia32 Completed in 52ms
99 timing reifyNode:node_modules/@esbuild/win32-arm64 Completed in 52ms
100 timing reifyNode:node_modules/@esbuild/sunos-x64 Completed in 52ms
101 timing reifyNode:node_modules/@esbuild/openbsd-x64 Completed in 52ms
102 timing reifyNode:node_modules/@esbuild/netbsd-x64 Completed in 52ms
103 timing reifyNode:node_modules/@esbuild/linux-s390x Completed in 52ms
104 timing reifyNode:node_modules/@esbuild/linux-riscv64 Completed in 52ms
105 timing reifyNode:node_modules/@esbuild/linux-ppc64 Completed in 52ms
106 timing reifyNode:node_modules/@esbuild/linux-mips64el Completed in 51ms
107 timing reifyNode:node_modules/@esbuild/linux-loong64 Completed in 51ms
108 timing reifyNode:node_modules/@esbuild/linux-ia32 Completed in 51ms
109 timing reifyNode:node_modules/@esbuild/linux-arm64 Completed in 51ms
110 timing reifyNode:node_modules/@esbuild/linux-arm Completed in 51ms
111 timing reifyNode:node_modules/@esbuild/freebsd-x64 Completed in 51ms
112 timing reifyNode:node_modules/@esbuild/freebsd-arm64 Completed in 51ms
113 timing reifyNode:node_modules/@esbuild/darwin-x64 Completed in 51ms
114 timing reifyNode:node_modules/@esbuild/darwin-arm64 Completed in 51ms
115 timing reifyNode:node_modules/@esbuild/android-x64 Completed in 51ms
116 timing reifyNode:node_modules/@esbuild/android-arm64 Completed in 51ms
117 timing reifyNode:node_modules/@esbuild/android-arm Completed in 51ms
118 timing reify:unpack Completed in 53ms
119 timing reify:unretire Completed in 0ms
120 timing build:queue Completed in 4ms
121 timing build:deps Completed in 4ms
122 timing build Completed in 4ms
123 timing reify:build Completed in 4ms
124 timing reify:trash Completed in 1ms
125 timing reify:save Completed in 74ms
126 http fetch POST 200 https://registry.npmjs.org/-/npm/v1/security/advisories/bulk 339ms
127 timing auditReport:getReport Completed in 343ms
128 silly audit report {
128 silly audit report   sweetalert2: [
128 silly audit report     {
128 silly audit report       id: 1092455,
128 silly audit report       url: 'https://github.com/advisories/GHSA-mrr8-v49w-3333',
128 silly audit report       title: 'sweetalert2 v11.6.14 and above contains potentially undesirable behavior',
128 silly audit report       severity: 'low',
128 silly audit report       vulnerable_versions: '>=11.6.14',
128 silly audit report       cwe: [Array],
128 silly audit report       cvss: [Object]
128 silly audit report     }
128 silly audit report   ]
128 silly audit report }
129 timing metavuln:cache:get:security-advisory:sweetalert2:gdpXimbvbRvDM6F0l596C/0PxeEcADb/YkXrqQTABjTf0dOpVUWs7UlymEf/33UMUcRCM9QS8DlCA0tT2h1yGA== Completed in 2ms
130 http fetch GET 200 https://registry.npmjs.org/sweetalert2 5ms (cache hit)
131 timing metavuln:packument:sweetalert2 Completed in 12ms
132 timing metavuln:load:security-advisory:sweetalert2:1092455 Completed in 3ms
133 timing metavuln:calculate:security-advisory:sweetalert2:1092455 Completed in 15ms
134 timing metavuln:cache:get:security-advisory:admin-lte:RUp3ZB4My8ANoubLRQqh03MPmbIGOOeYhMvSU23N2M6kTnZZXMGYgQ/Y2XTxVMK76E8LYtWJIzKoDvwumUBnoA== Completed in 2ms
135 http fetch GET 200 https://registry.npmjs.org/admin-lte 2ms (cache hit)
136 timing metavuln:packument:admin-lte Completed in 5ms
137 timing metavuln:load:security-advisory:admin-lte:gdpXimbvbRvDM6F0l596C/0PxeEcADb/YkXrqQTABjTf0dOpVUWs7UlymEf/33UMUcRCM9QS8DlCA0tT2h1yGA== Completed in 0ms
138 timing metavuln:calculate:security-advisory:admin-lte:gdpXimbvbRvDM6F0l596C/0PxeEcADb/YkXrqQTABjTf0dOpVUWs7UlymEf/33UMUcRCM9QS8DlCA0tT2h1yGA== Completed in 5ms
139 timing auditReport:init Completed in 24ms
140 timing reify:audit Completed in 367ms
141 timing reify Completed in 612ms
142 silly ADD
143 silly ADD
144 silly ADD
145 silly ADD
146 silly ADD
147 silly ADD
148 silly ADD
149 silly ADD
150 silly ADD
151 silly ADD
152 silly ADD
153 silly ADD
154 silly ADD
155 silly ADD
156 silly ADD
157 silly ADD
158 silly ADD
159 silly ADD
160 silly ADD
161 silly ADD
162 silly ADD
163 silly ADD
164 timing command:i Completed in 624ms
165 verbose exit 0
166 timing npm Completed in 794ms
167 info ok
