0 verbose cli /usr/bin/node /usr/bin/npm
1 info using npm@9.8.1
2 info using node@v18.17.1
3 timing npm:load:whichnode Completed in 1ms
4 timing config:load:defaults Completed in 1ms
5 timing config:load:file:/usr/lib/node_modules/npm/npmrc Completed in 0ms
6 timing config:load:builtin Completed in 1ms
7 timing config:load:cli Completed in 2ms
8 timing config:load:env Completed in 1ms
9 timing config:load:file:/var/www/.npmrc Completed in 0ms
10 timing config:load:project Completed in 2ms
11 timing config:load:file:/var/www/.home/.npmrc Completed in 1ms
12 timing config:load:user Completed in 1ms
13 timing config:load:file:/usr/etc/npmrc Completed in 0ms
14 timing config:load:global Completed in 0ms
15 timing config:load:setEnvs Completed in 1ms
16 timing config:load Completed in 9ms
17 timing npm:load:configload Completed in 9ms
18 timing config:load:flatten Completed in 2ms
19 timing npm:load:mkdirpcache Completed in 1ms
20 timing npm:load:mkdirplogs Completed in 0ms
21 verbose title npm i vue
22 verbose argv "i" "vue"
23 timing npm:load:setTitle Completed in 0ms
24 timing npm:load:display Completed in 1ms
25 verbose logfile logs-max:10 dir:/var/www/.home/.npm/_logs/2023-09-09T03_09_01_137Z-
26 verbose logfile /var/www/.home/.npm/_logs/2023-09-09T03_09_01_137Z-debug-0.log
27 timing npm:load:logFile Completed in 6ms
28 timing npm:load:timers Completed in 0ms
29 timing npm:load:configScope Completed in 0ms
30 timing npm:load Completed in 30ms
31 timing arborist:ctor Completed in 0ms
32 silly logfile done cleaning log files
33 timing arborist:ctor Completed in 0ms
34 timing idealTree:init Completed in 13ms
35 timing idealTree:userRequests Completed in 1ms
36 silly idealTree buildDeps
37 silly fetch manifest vue@*
38 http fetch GET 200 https://registry.npmjs.org/vue 77ms (cache miss)
39 silly fetch manifest axios@^1.1.2
40 http fetch GET 200 https://registry.npmjs.org/npm 152ms (cache miss)
41 http fetch GET 200 https://registry.npmjs.org/axios 29ms (cache miss)
42 silly fetch manifest laravel-vite-plugin@^0.7.2
43 http fetch GET 200 https://registry.npmjs.org/laravel-vite-plugin 710ms (cache miss)
44 silly fetch manifest vite@^4.0.0
45 http fetch GET 200 https://registry.npmjs.org/vite 36ms (cache miss)
46 silly fetch manifest @types/node@>= 14
47 http fetch GET 200 https://registry.npmjs.org/@types%2fnode 54ms (cache miss)
48 silly fetch manifest less@*
49 http fetch GET 200 https://registry.npmjs.org/less 27ms (cache miss)
50 silly fetch manifest lightningcss@^1.21.0
51 http fetch GET 200 https://registry.npmjs.org/lightningcss 202ms (cache miss)
52 silly fetch manifest sass@*
53 http fetch GET 200 https://registry.npmjs.org/sass 25ms (cache miss)
54 silly fetch manifest stylus@*
55 http fetch GET 200 https://registry.npmjs.org/stylus 28ms (cache miss)
56 silly fetch manifest sugarss@*
57 http fetch GET 200 https://registry.npmjs.org/sugarss 701ms (cache miss)
58 silly fetch manifest postcss@^8.1.14
59 http fetch GET 200 https://registry.npmjs.org/postcss 31ms (cache miss)
60 silly fetch manifest terser@^5.4.0
61 http fetch GET 200 https://registry.npmjs.org/terser 27ms (cache miss)
62 silly fetch manifest lodash@^4.17.19
63 http fetch GET 200 https://registry.npmjs.org/lodash 25ms (cache miss)
64 silly placeDep ROOT axios@1.5.0 OK for:  want: ^1.1.2
65 silly fetch manifest follow-redirects@^1.15.0
66 silly fetch manifest form-data@^4.0.0
67 silly fetch manifest proxy-from-env@^1.1.0
68 silly placeDep ROOT laravel-vite-plugin@0.7.8 OK for:  want: ^0.7.2
69 silly placeDep ROOT vite@4.4.9 OK for: laravel-vite-plugin@0.7.8 want: ^3.0.0 || ^4.0.0
70 silly fetch manifest picocolors@^1.0.0
71 silly fetch manifest vite-plugin-full-reload@^1.0.5
72 silly fetch manifest esbuild@^0.18.10
73 silly fetch manifest postcss@^8.4.27
74 silly fetch manifest rollup@^3.27.1
75 silly fetch manifest fsevents@~2.3.2
76 silly placeDep ROOT lodash@4.17.21 OK for:  want: ^4.17.19
77 silly placeDep ROOT postcss@8.4.29 OK for:  want: ^8.1.14
78 silly fetch manifest nanoid@^3.3.6
79 silly fetch manifest source-map-js@^1.0.2
80 silly placeDep ROOT vue@3.3.4 OK for:  want: *
81 silly fetch manifest @vue/shared@3.3.4
82 silly fetch manifest @vue/compiler-dom@3.3.4
83 silly fetch manifest @vue/runtime-dom@3.3.4
84 silly fetch manifest @vue/compiler-sfc@3.3.4
85 silly fetch manifest @vue/server-renderer@3.3.4
86 http fetch GET 200 https://registry.npmjs.org/form-data 41ms (cache miss)
87 http fetch GET 200 https://registry.npmjs.org/follow-redirects 42ms (cache miss)
88 http fetch GET 200 https://registry.npmjs.org/picocolors 73ms (cache miss)
89 http fetch GET 200 https://registry.npmjs.org/proxy-from-env 78ms (cache miss)
90 http fetch GET 200 https://registry.npmjs.org/source-map-js 72ms (cache miss)
91 http fetch GET 200 https://registry.npmjs.org/fsevents 78ms (cache miss)
92 http fetch GET 200 https://registry.npmjs.org/nanoid 79ms (cache miss)
93 http fetch GET 200 https://registry.npmjs.org/esbuild 94ms (cache miss)
94 http fetch GET 200 https://registry.npmjs.org/@vue%2fserver-renderer 103ms (cache miss)
95 http fetch GET 200 https://registry.npmjs.org/@vue%2fcompiler-sfc 110ms (cache miss)
96 http fetch GET 200 https://registry.npmjs.org/@vue%2fshared 116ms (cache miss)
97 http fetch GET 200 https://registry.npmjs.org/@vue%2fcompiler-dom 127ms (cache miss)
98 http fetch GET 200 https://registry.npmjs.org/vite-plugin-full-reload 765ms (cache miss)
99 http fetch GET 200 https://registry.npmjs.org/rollup 774ms (cache miss)
100 http fetch GET 200 https://registry.npmjs.org/@vue%2fruntime-dom 1571ms (cache miss)
101 timing idealTree:#root Completed in 3611ms
102 silly placeDep ROOT follow-redirects@1.15.2 OK for: axios@1.5.0 want: ^1.15.0
103 silly placeDep ROOT form-data@4.0.0 OK for: axios@1.5.0 want: ^4.0.0
104 silly fetch manifest asynckit@^0.4.0
105 silly fetch manifest combined-stream@^1.0.8
106 silly fetch manifest mime-types@^2.1.12
107 silly placeDep ROOT proxy-from-env@1.1.0 OK for: axios@1.5.0 want: ^1.1.0
108 http fetch GET 200 https://registry.npmjs.org/asynckit 29ms (cache miss)
109 http fetch GET 200 https://registry.npmjs.org/mime-types 30ms (cache miss)
110 http fetch GET 200 https://registry.npmjs.org/combined-stream 37ms (cache miss)
111 timing idealTree:node_modules/axios Completed in 42ms
112 timing idealTree:node_modules/follow-redirects Completed in 0ms
113 silly placeDep ROOT asynckit@0.4.0 OK for: form-data@4.0.0 want: ^0.4.0
114 silly placeDep ROOT combined-stream@1.0.8 OK for: form-data@4.0.0 want: ^1.0.8
115 silly fetch manifest delayed-stream@~1.0.0
116 silly placeDep ROOT mime-types@2.1.35 OK for: form-data@4.0.0 want: ^2.1.12
117 silly fetch manifest mime-db@1.52.0
118 http fetch GET 200 https://registry.npmjs.org/delayed-stream 28ms (cache miss)
119 http fetch GET 200 https://registry.npmjs.org/mime-db 31ms (cache miss)
120 timing idealTree:node_modules/form-data Completed in 35ms
121 timing idealTree:node_modules/asynckit Completed in 0ms
122 silly placeDep ROOT delayed-stream@1.0.0 OK for: combined-stream@1.0.8 want: ~1.0.0
123 timing idealTree:node_modules/combined-stream Completed in 2ms
124 timing idealTree:node_modules/delayed-stream Completed in 0ms
125 silly fetch manifest vite@^3.0.0 || ^4.0.0
126 silly fetch manifest postcss@^8.3.3
127 silly placeDep ROOT picocolors@1.0.0 OK for: laravel-vite-plugin@0.7.8 want: ^1.0.0
128 silly placeDep ROOT vite-plugin-full-reload@1.0.5 OK for: laravel-vite-plugin@0.7.8 want: ^1.0.5
129 silly fetch manifest picomatch@^2.3.1
130 http fetch GET 200 https://registry.npmjs.org/picomatch 23ms (cache miss)
131 timing idealTree:node_modules/laravel-vite-plugin Completed in 29ms
132 timing idealTree:node_modules/lodash Completed in 0ms
133 silly placeDep ROOT mime-db@1.52.0 OK for: mime-types@2.1.35 want: 1.52.0
134 timing idealTree:node_modules/mime-types Completed in 1ms
135 timing idealTree:node_modules/mime-db Completed in 0ms
136 timing idealTree:node_modules/picocolors Completed in 0ms
137 silly placeDep ROOT nanoid@3.3.6 OK for: postcss@8.4.29 want: ^3.3.6
138 silly placeDep ROOT source-map-js@1.0.2 OK for: postcss@8.4.29 want: ^1.0.2
139 timing idealTree:node_modules/postcss Completed in 1ms
140 timing idealTree:node_modules/nanoid Completed in 0ms
141 timing idealTree:node_modules/proxy-from-env Completed in 0ms
142 timing idealTree:node_modules/source-map-js Completed in 0ms
143 silly placeDep ROOT esbuild@0.18.20 OK for: vite@4.4.9 want: ^0.18.10
144 silly fetch manifest @esbuild/android-arm@0.18.20
145 silly fetch manifest @esbuild/android-arm64@0.18.20
146 silly fetch manifest @esbuild/android-x64@0.18.20
147 silly fetch manifest @esbuild/darwin-arm64@0.18.20
148 silly fetch manifest @esbuild/darwin-x64@0.18.20
149 silly fetch manifest @esbuild/freebsd-arm64@0.18.20
150 silly fetch manifest @esbuild/freebsd-x64@0.18.20
151 silly fetch manifest @esbuild/linux-arm@0.18.20
152 silly fetch manifest @esbuild/linux-arm64@0.18.20
153 silly fetch manifest @esbuild/linux-ia32@0.18.20
154 silly fetch manifest @esbuild/linux-loong64@0.18.20
155 silly fetch manifest @esbuild/linux-mips64el@0.18.20
156 silly fetch manifest @esbuild/linux-ppc64@0.18.20
157 silly fetch manifest @esbuild/linux-riscv64@0.18.20
158 silly fetch manifest @esbuild/linux-s390x@0.18.20
159 silly fetch manifest @esbuild/linux-x64@0.18.20
160 silly fetch manifest @esbuild/netbsd-x64@0.18.20
161 silly fetch manifest @esbuild/openbsd-x64@0.18.20
162 silly fetch manifest @esbuild/sunos-x64@0.18.20
163 silly fetch manifest @esbuild/win32-arm64@0.18.20
164 silly fetch manifest @esbuild/win32-ia32@0.18.20
165 silly fetch manifest @esbuild/win32-x64@0.18.20
166 silly placeDep ROOT fsevents@2.3.3 OK for: vite@4.4.9 want: ~2.3.2
167 silly placeDep ROOT rollup@3.29.0 OK for: vite@4.4.9 want: ^3.27.1
168 http fetch GET 200 https://registry.npmjs.org/@esbuild%2ffreebsd-arm64 80ms (cache miss)
169 http fetch GET 200 https://registry.npmjs.org/@esbuild%2flinux-riscv64 78ms (cache miss)
170 http fetch GET 200 https://registry.npmjs.org/@esbuild%2ffreebsd-x64 83ms (cache miss)
171 http fetch GET 200 https://registry.npmjs.org/@esbuild%2fandroid-arm64 87ms (cache miss)
172 http fetch GET 200 https://registry.npmjs.org/@esbuild%2flinux-arm 84ms (cache miss)
173 http fetch GET 200 https://registry.npmjs.org/@esbuild%2fdarwin-arm64 87ms (cache miss)
174 http fetch GET 200 https://registry.npmjs.org/@esbuild%2flinux-s390x 81ms (cache miss)
175 http fetch GET 200 https://registry.npmjs.org/@esbuild%2flinux-arm64 85ms (cache miss)
176 http fetch GET 200 https://registry.npmjs.org/@esbuild%2flinux-mips64el 86ms (cache miss)
177 http fetch GET 200 https://registry.npmjs.org/@esbuild%2flinux-ppc64 86ms (cache miss)
178 http fetch GET 200 https://registry.npmjs.org/@esbuild%2flinux-loong64 87ms (cache miss)
179 http fetch GET 200 https://registry.npmjs.org/@esbuild%2flinux-ia32 97ms (cache miss)
180 http fetch GET 200 https://registry.npmjs.org/@esbuild%2fopenbsd-x64 106ms (cache miss)
181 http fetch GET 200 https://registry.npmjs.org/@esbuild%2flinux-x64 108ms (cache miss)
182 http fetch GET 200 https://registry.npmjs.org/@esbuild%2fsunos-x64 106ms (cache miss)
183 http fetch GET 200 https://registry.npmjs.org/@esbuild%2fnetbsd-x64 109ms (cache miss)
184 http fetch GET 200 https://registry.npmjs.org/@esbuild%2fwin32-ia32 104ms (cache miss)
185 http fetch GET 200 https://registry.npmjs.org/@esbuild%2fwin32-x64 105ms (cache miss)
186 http fetch GET 200 https://registry.npmjs.org/@esbuild%2fwin32-arm64 126ms (cache miss)
187 http fetch GET 200 https://registry.npmjs.org/@esbuild%2fandroid-x64 217ms (cache miss)
188 http fetch GET 200 https://registry.npmjs.org/@esbuild%2fdarwin-x64 1151ms (cache miss)
189 http fetch GET 200 https://registry.npmjs.org/@esbuild%2fandroid-arm 1496ms (cache miss)
190 timing idealTree:node_modules/vite Completed in 1498ms
191 silly placeDep ROOT @esbuild/android-arm@0.18.20 OK for: esbuild@0.18.20 want: 0.18.20
192 silly placeDep ROOT @esbuild/android-arm64@0.18.20 OK for: esbuild@0.18.20 want: 0.18.20
193 silly placeDep ROOT @esbuild/android-x64@0.18.20 OK for: esbuild@0.18.20 want: 0.18.20
194 silly placeDep ROOT @esbuild/darwin-arm64@0.18.20 OK for: esbuild@0.18.20 want: 0.18.20
195 silly placeDep ROOT @esbuild/darwin-x64@0.18.20 OK for: esbuild@0.18.20 want: 0.18.20
196 silly placeDep ROOT @esbuild/freebsd-arm64@0.18.20 OK for: esbuild@0.18.20 want: 0.18.20
197 silly placeDep ROOT @esbuild/freebsd-x64@0.18.20 OK for: esbuild@0.18.20 want: 0.18.20
198 silly placeDep ROOT @esbuild/linux-arm@0.18.20 OK for: esbuild@0.18.20 want: 0.18.20
199 silly placeDep ROOT @esbuild/linux-arm64@0.18.20 OK for: esbuild@0.18.20 want: 0.18.20
200 silly placeDep ROOT @esbuild/linux-ia32@0.18.20 OK for: esbuild@0.18.20 want: 0.18.20
201 silly placeDep ROOT @esbuild/linux-loong64@0.18.20 OK for: esbuild@0.18.20 want: 0.18.20
202 silly placeDep ROOT @esbuild/linux-mips64el@0.18.20 OK for: esbuild@0.18.20 want: 0.18.20
203 silly placeDep ROOT @esbuild/linux-ppc64@0.18.20 OK for: esbuild@0.18.20 want: 0.18.20
204 silly placeDep ROOT @esbuild/linux-riscv64@0.18.20 OK for: esbuild@0.18.20 want: 0.18.20
205 silly placeDep ROOT @esbuild/linux-s390x@0.18.20 OK for: esbuild@0.18.20 want: 0.18.20
206 silly placeDep ROOT @esbuild/linux-x64@0.18.20 OK for: esbuild@0.18.20 want: 0.18.20
207 silly placeDep ROOT @esbuild/netbsd-x64@0.18.20 OK for: esbuild@0.18.20 want: 0.18.20
208 silly placeDep ROOT @esbuild/openbsd-x64@0.18.20 OK for: esbuild@0.18.20 want: 0.18.20
209 silly placeDep ROOT @esbuild/sunos-x64@0.18.20 OK for: esbuild@0.18.20 want: 0.18.20
210 silly placeDep ROOT @esbuild/win32-arm64@0.18.20 OK for: esbuild@0.18.20 want: 0.18.20
211 silly placeDep ROOT @esbuild/win32-ia32@0.18.20 OK for: esbuild@0.18.20 want: 0.18.20
212 silly placeDep ROOT @esbuild/win32-x64@0.18.20 OK for: esbuild@0.18.20 want: 0.18.20
213 timing idealTree:node_modules/esbuild Completed in 17ms
214 timing idealTree:node_modules/@esbuild/android-arm Completed in 0ms
215 timing idealTree:node_modules/@esbuild/android-arm64 Completed in 0ms
216 timing idealTree:node_modules/@esbuild/android-x64 Completed in 0ms
217 timing idealTree:node_modules/@esbuild/darwin-arm64 Completed in 0ms
218 timing idealTree:node_modules/@esbuild/darwin-x64 Completed in 0ms
219 timing idealTree:node_modules/@esbuild/freebsd-arm64 Completed in 0ms
220 timing idealTree:node_modules/@esbuild/freebsd-x64 Completed in 0ms
221 timing idealTree:node_modules/@esbuild/linux-arm Completed in 0ms
222 timing idealTree:node_modules/@esbuild/linux-arm64 Completed in 0ms
223 timing idealTree:node_modules/@esbuild/linux-ia32 Completed in 0ms
224 timing idealTree:node_modules/@esbuild/linux-loong64 Completed in 0ms
225 timing idealTree:node_modules/@esbuild/linux-mips64el Completed in 0ms
226 timing idealTree:node_modules/@esbuild/linux-ppc64 Completed in 0ms
227 timing idealTree:node_modules/@esbuild/linux-riscv64 Completed in 0ms
228 timing idealTree:node_modules/@esbuild/linux-s390x Completed in 0ms
229 timing idealTree:node_modules/@esbuild/linux-x64 Completed in 0ms
230 timing idealTree:node_modules/@esbuild/netbsd-x64 Completed in 0ms
231 timing idealTree:node_modules/@esbuild/openbsd-x64 Completed in 0ms
232 timing idealTree:node_modules/@esbuild/sunos-x64 Completed in 0ms
233 timing idealTree:node_modules/@esbuild/win32-arm64 Completed in 0ms
234 timing idealTree:node_modules/@esbuild/win32-ia32 Completed in 0ms
235 timing idealTree:node_modules/@esbuild/win32-x64 Completed in 0ms
236 timing idealTree:node_modules/fsevents Completed in 0ms
237 timing idealTree:node_modules/rollup Completed in 0ms
238 silly placeDep ROOT picomatch@2.3.1 OK for: vite-plugin-full-reload@1.0.5 want: ^2.3.1
239 timing idealTree:node_modules/vite-plugin-full-reload Completed in 1ms
240 timing idealTree:node_modules/picomatch Completed in 0ms
241 silly fetch manifest vue@3.3.4
242 silly placeDep ROOT @vue/compiler-dom@3.3.4 OK for: vue@3.3.4 want: 3.3.4
243 silly fetch manifest @vue/compiler-core@3.3.4
244 silly placeDep ROOT @vue/compiler-sfc@3.3.4 OK for: vue@3.3.4 want: 3.3.4
245 silly fetch manifest @babel/parser@^7.20.15
246 silly fetch manifest @vue/compiler-ssr@3.3.4
247 silly fetch manifest @vue/reactivity-transform@3.3.4
248 silly fetch manifest estree-walker@^2.0.2
249 silly fetch manifest magic-string@^0.30.0
250 silly placeDep ROOT @vue/runtime-dom@3.3.4 OK for: vue@3.3.4 want: 3.3.4
251 silly fetch manifest @vue/runtime-core@3.3.4
252 silly fetch manifest csstype@^3.1.1
253 silly placeDep ROOT @vue/server-renderer@3.3.4 OK for: vue@3.3.4 want: 3.3.4
254 silly placeDep ROOT @vue/shared@3.3.4 OK for: vue@3.3.4 want: 3.3.4
255 http fetch GET 200 https://registry.npmjs.org/estree-walker 31ms (cache miss)
256 http fetch GET 200 https://registry.npmjs.org/csstype 29ms (cache miss)
257 http fetch GET 200 https://registry.npmjs.org/@babel%2fparser 42ms (cache miss)
258 http fetch GET 200 https://registry.npmjs.org/@vue%2fruntime-core 51ms (cache miss)
259 http fetch GET 200 https://registry.npmjs.org/@vue%2freactivity-transform 61ms (cache miss)
260 http fetch GET 200 https://registry.npmjs.org/@vue%2fcompiler-core 65ms (cache miss)
261 http fetch GET 200 https://registry.npmjs.org/magic-string 735ms (cache miss)
262 http fetch GET 200 https://registry.npmjs.org/@vue%2fcompiler-ssr 1402ms (cache miss)
263 timing idealTree:node_modules/vue Completed in 1407ms
264 silly placeDep ROOT @vue/compiler-core@3.3.4 OK for: @vue/compiler-dom@3.3.4 want: 3.3.4
265 silly fetch manifest @babel/parser@^7.21.3
266 timing idealTree:node_modules/@vue/compiler-dom Completed in 2ms
267 silly placeDep ROOT @babel/parser@7.22.16 OK for: @vue/compiler-core@3.3.4 want: ^7.21.3
268 silly placeDep ROOT estree-walker@2.0.2 OK for: @vue/compiler-core@3.3.4 want: ^2.0.2
269 timing idealTree:node_modules/@vue/compiler-core Completed in 1ms
270 timing idealTree:node_modules/@babel/parser Completed in 0ms
271 silly placeDep ROOT @vue/compiler-ssr@3.3.4 OK for: @vue/compiler-sfc@3.3.4 want: 3.3.4
272 silly placeDep ROOT @vue/reactivity-transform@3.3.4 OK for: @vue/compiler-sfc@3.3.4 want: 3.3.4
273 silly placeDep ROOT magic-string@0.30.3 OK for: @vue/compiler-sfc@3.3.4 want: ^0.30.0
274 silly fetch manifest @jridgewell/sourcemap-codec@^1.4.15
275 http fetch GET 200 https://registry.npmjs.org/@jridgewell%2fsourcemap-codec 49ms (cache miss)
276 timing idealTree:node_modules/@vue/compiler-sfc Completed in 54ms
277 timing idealTree:node_modules/@vue/compiler-ssr Completed in 0ms
278 timing idealTree:node_modules/@vue/reactivity-transform Completed in 0ms
279 silly placeDep ROOT @vue/runtime-core@3.3.4 OK for: @vue/runtime-dom@3.3.4 want: 3.3.4
280 silly fetch manifest @vue/reactivity@3.3.4
281 silly placeDep ROOT csstype@3.1.2 OK for: @vue/runtime-dom@3.3.4 want: ^3.1.1
282 http fetch GET 200 https://registry.npmjs.org/@vue%2freactivity 53ms (cache miss)
283 timing idealTree:node_modules/@vue/runtime-dom Completed in 55ms
284 silly placeDep ROOT @vue/reactivity@3.3.4 OK for: @vue/runtime-core@3.3.4 want: 3.3.4
285 timing idealTree:node_modules/@vue/runtime-core Completed in 1ms
286 timing idealTree:node_modules/@vue/reactivity Completed in 0ms
287 timing idealTree:node_modules/@vue/server-renderer Completed in 0ms
288 timing idealTree:node_modules/@vue/shared Completed in 0ms
289 timing idealTree:node_modules/csstype Completed in 0ms
290 timing idealTree:node_modules/estree-walker Completed in 0ms
291 silly placeDep ROOT @jridgewell/sourcemap-codec@1.4.15 OK for: magic-string@0.30.3 want: ^1.4.15
292 timing idealTree:node_modules/magic-string Completed in 1ms
293 timing idealTree:node_modules/@jridgewell/sourcemap-codec Completed in 0ms
294 timing idealTree:buildDeps Completed in 6761ms
295 timing idealTree:fixDepFlags Completed in 1ms
296 timing idealTree Completed in 6778ms
297 timing reify:loadTrees Completed in 6779ms
298 timing reify:diffTrees Completed in 1ms
299 silly reify moves {}
300 timing reify:retireShallow Completed in 1ms
301 timing reify:createSparse Completed in 3ms
302 timing reify:loadBundles Completed in 0ms
303 silly audit bulk request {
303 silly audit   axios: [ '1.5.0' ],
303 silly audit   'laravel-vite-plugin': [ '0.7.8' ],
303 silly audit   vite: [ '4.4.9' ],
303 silly audit   lodash: [ '4.17.21' ],
303 silly audit   postcss: [ '8.4.29' ],
303 silly audit   vue: [ '3.3.4' ],
303 silly audit   'follow-redirects': [ '1.15.2' ],
303 silly audit   'form-data': [ '4.0.0' ],
303 silly audit   'proxy-from-env': [ '1.1.0' ],
303 silly audit   asynckit: [ '0.4.0' ],
303 silly audit   'combined-stream': [ '1.0.8' ],
303 silly audit   'mime-types': [ '2.1.35' ],
303 silly audit   'delayed-stream': [ '1.0.0' ],
303 silly audit   picocolors: [ '1.0.0' ],
303 silly audit   'vite-plugin-full-reload': [ '1.0.5' ],
303 silly audit   'mime-db': [ '1.52.0' ],
303 silly audit   nanoid: [ '3.3.6' ],
303 silly audit   'source-map-js': [ '1.0.2' ],
303 silly audit   esbuild: [ '0.18.20' ],
303 silly audit   fsevents: [ '2.3.3' ],
303 silly audit   rollup: [ '3.29.0' ],
303 silly audit   '@esbuild/android-arm': [ '0.18.20' ],
303 silly audit   '@esbuild/android-arm64': [ '0.18.20' ],
303 silly audit   '@esbuild/android-x64': [ '0.18.20' ],
303 silly audit   '@esbuild/darwin-arm64': [ '0.18.20' ],
303 silly audit   '@esbuild/darwin-x64': [ '0.18.20' ],
303 silly audit   '@esbuild/freebsd-arm64': [ '0.18.20' ],
303 silly audit   '@esbuild/freebsd-x64': [ '0.18.20' ],
303 silly audit   '@esbuild/linux-arm': [ '0.18.20' ],
303 silly audit   '@esbuild/linux-arm64': [ '0.18.20' ],
303 silly audit   '@esbuild/linux-ia32': [ '0.18.20' ],
303 silly audit   '@esbuild/linux-loong64': [ '0.18.20' ],
303 silly audit   '@esbuild/linux-mips64el': [ '0.18.20' ],
303 silly audit   '@esbuild/linux-ppc64': [ '0.18.20' ],
303 silly audit   '@esbuild/linux-riscv64': [ '0.18.20' ],
303 silly audit   '@esbuild/linux-s390x': [ '0.18.20' ],
303 silly audit   '@esbuild/linux-x64': [ '0.18.20' ],
303 silly audit   '@esbuild/netbsd-x64': [ '0.18.20' ],
303 silly audit   '@esbuild/openbsd-x64': [ '0.18.20' ],
303 silly audit   '@esbuild/sunos-x64': [ '0.18.20' ],
303 silly audit   '@esbuild/win32-arm64': [ '0.18.20' ],
303 silly audit   '@esbuild/win32-ia32': [ '0.18.20' ],
303 silly audit   '@esbuild/win32-x64': [ '0.18.20' ],
303 silly audit   picomatch: [ '2.3.1' ],
303 silly audit   '@vue/compiler-dom': [ '3.3.4' ],
303 silly audit   '@vue/compiler-sfc': [ '3.3.4' ],
303 silly audit   '@vue/runtime-dom': [ '3.3.4' ],
303 silly audit   '@vue/server-renderer': [ '3.3.4' ],
303 silly audit   '@vue/shared': [ '3.3.4' ],
303 silly audit   '@vue/compiler-core': [ '3.3.4' ],
303 silly audit   '@babel/parser': [ '7.22.16' ],
303 silly audit   'estree-walker': [ '2.0.2' ],
303 silly audit   '@vue/compiler-ssr': [ '3.3.4' ],
303 silly audit   '@vue/reactivity-transform': [ '3.3.4' ],
303 silly audit   'magic-string': [ '0.30.3' ],
303 silly audit   '@vue/runtime-core': [ '3.3.4' ],
303 silly audit   csstype: [ '3.1.2' ],
303 silly audit   '@vue/reactivity': [ '3.3.4' ],
303 silly audit   '@jridgewell/sourcemap-codec': [ '1.4.15' ]
303 silly audit }
304 verbose reify failed optional dependency /var/www/node_modules/@esbuild/win32-x64
305 silly reify mark deleted [ '/var/www/node_modules/@esbuild/win32-x64' ]
306 verbose reify failed optional dependency /var/www/node_modules/@esbuild/win32-ia32
307 silly reify mark deleted [ '/var/www/node_modules/@esbuild/win32-ia32' ]
308 verbose reify failed optional dependency /var/www/node_modules/@esbuild/win32-arm64
309 silly reify mark deleted [ '/var/www/node_modules/@esbuild/win32-arm64' ]
310 verbose reify failed optional dependency /var/www/node_modules/@esbuild/sunos-x64
311 silly reify mark deleted [ '/var/www/node_modules/@esbuild/sunos-x64' ]
312 verbose reify failed optional dependency /var/www/node_modules/@esbuild/openbsd-x64
313 silly reify mark deleted [ '/var/www/node_modules/@esbuild/openbsd-x64' ]
314 verbose reify failed optional dependency /var/www/node_modules/@esbuild/netbsd-x64
315 silly reify mark deleted [ '/var/www/node_modules/@esbuild/netbsd-x64' ]
316 verbose reify failed optional dependency /var/www/node_modules/@esbuild/linux-s390x
317 silly reify mark deleted [ '/var/www/node_modules/@esbuild/linux-s390x' ]
318 verbose reify failed optional dependency /var/www/node_modules/@esbuild/linux-riscv64
319 silly reify mark deleted [ '/var/www/node_modules/@esbuild/linux-riscv64' ]
320 verbose reify failed optional dependency /var/www/node_modules/@esbuild/linux-ppc64
321 silly reify mark deleted [ '/var/www/node_modules/@esbuild/linux-ppc64' ]
322 verbose reify failed optional dependency /var/www/node_modules/@esbuild/linux-mips64el
323 silly reify mark deleted [ '/var/www/node_modules/@esbuild/linux-mips64el' ]
324 verbose reify failed optional dependency /var/www/node_modules/@esbuild/linux-loong64
325 silly reify mark deleted [ '/var/www/node_modules/@esbuild/linux-loong64' ]
326 verbose reify failed optional dependency /var/www/node_modules/@esbuild/linux-ia32
327 silly reify mark deleted [ '/var/www/node_modules/@esbuild/linux-ia32' ]
328 verbose reify failed optional dependency /var/www/node_modules/@esbuild/linux-arm64
329 silly reify mark deleted [ '/var/www/node_modules/@esbuild/linux-arm64' ]
330 verbose reify failed optional dependency /var/www/node_modules/@esbuild/linux-arm
331 silly reify mark deleted [ '/var/www/node_modules/@esbuild/linux-arm' ]
332 verbose reify failed optional dependency /var/www/node_modules/@esbuild/freebsd-x64
333 silly reify mark deleted [ '/var/www/node_modules/@esbuild/freebsd-x64' ]
334 verbose reify failed optional dependency /var/www/node_modules/@esbuild/freebsd-arm64
335 silly reify mark deleted [ '/var/www/node_modules/@esbuild/freebsd-arm64' ]
336 verbose reify failed optional dependency /var/www/node_modules/@esbuild/darwin-x64
337 silly reify mark deleted [ '/var/www/node_modules/@esbuild/darwin-x64' ]
338 verbose reify failed optional dependency /var/www/node_modules/@esbuild/darwin-arm64
339 silly reify mark deleted [ '/var/www/node_modules/@esbuild/darwin-arm64' ]
340 verbose reify failed optional dependency /var/www/node_modules/@esbuild/android-x64
341 silly reify mark deleted [ '/var/www/node_modules/@esbuild/android-x64' ]
342 verbose reify failed optional dependency /var/www/node_modules/@esbuild/android-arm64
343 silly reify mark deleted [ '/var/www/node_modules/@esbuild/android-arm64' ]
344 verbose reify failed optional dependency /var/www/node_modules/@esbuild/android-arm
345 silly reify mark deleted [ '/var/www/node_modules/@esbuild/android-arm' ]
346 verbose reify failed optional dependency /var/www/node_modules/fsevents
347 silly reify mark deleted [ '/var/www/node_modules/fsevents' ]
348 timing reifyNode:node_modules/@esbuild/win32-x64 Completed in 12ms
349 timing reifyNode:node_modules/@esbuild/win32-ia32 Completed in 12ms
350 timing reifyNode:node_modules/@esbuild/win32-arm64 Completed in 12ms
351 timing reifyNode:node_modules/@esbuild/sunos-x64 Completed in 12ms
352 timing reifyNode:node_modules/@esbuild/openbsd-x64 Completed in 12ms
353 timing reifyNode:node_modules/@esbuild/netbsd-x64 Completed in 12ms
354 timing reifyNode:node_modules/@esbuild/linux-s390x Completed in 12ms
355 timing reifyNode:node_modules/@esbuild/linux-riscv64 Completed in 12ms
356 timing reifyNode:node_modules/@esbuild/linux-ppc64 Completed in 12ms
357 timing reifyNode:node_modules/@esbuild/linux-mips64el Completed in 12ms
358 timing reifyNode:node_modules/@esbuild/linux-loong64 Completed in 12ms
359 timing reifyNode:node_modules/@esbuild/linux-ia32 Completed in 12ms
360 timing reifyNode:node_modules/@esbuild/linux-arm64 Completed in 12ms
361 timing reifyNode:node_modules/@esbuild/linux-arm Completed in 12ms
362 timing reifyNode:node_modules/@esbuild/freebsd-x64 Completed in 13ms
363 timing reifyNode:node_modules/@esbuild/freebsd-arm64 Completed in 13ms
364 timing reifyNode:node_modules/@esbuild/darwin-x64 Completed in 12ms
365 timing reifyNode:node_modules/@esbuild/darwin-arm64 Completed in 12ms
366 timing reifyNode:node_modules/@esbuild/android-x64 Completed in 12ms
367 timing reifyNode:node_modules/@esbuild/android-arm64 Completed in 12ms
368 timing reifyNode:node_modules/@esbuild/android-arm Completed in 12ms
369 timing reifyNode:node_modules/fsevents Completed in 12ms
370 silly tarball no local data for csstype@https://registry.npmjs.org/csstype/-/csstype-3.1.2.tgz. Extracting by manifest.
371 silly tarball no local data for @jridgewell/sourcemap-codec@https://registry.npmjs.org/@jridgewell/sourcemap-codec/-/sourcemap-codec-1.4.15.tgz. Extracting by manifest.
372 silly tarball no local data for @vue/reactivity@https://registry.npmjs.org/@vue/reactivity/-/reactivity-3.3.4.tgz. Extracting by manifest.
373 silly tarball no local data for magic-string@https://registry.npmjs.org/magic-string/-/magic-string-0.30.3.tgz. Extracting by manifest.
374 silly tarball no local data for @vue/runtime-core@https://registry.npmjs.org/@vue/runtime-core/-/runtime-core-3.3.4.tgz. Extracting by manifest.
375 silly tarball no local data for @vue/reactivity-transform@https://registry.npmjs.org/@vue/reactivity-transform/-/reactivity-transform-3.3.4.tgz. Extracting by manifest.
376 silly tarball no local data for @vue/compiler-ssr@https://registry.npmjs.org/@vue/compiler-ssr/-/compiler-ssr-3.3.4.tgz. Extracting by manifest.
377 silly tarball no local data for estree-walker@https://registry.npmjs.org/estree-walker/-/estree-walker-2.0.2.tgz. Extracting by manifest.
378 silly tarball no local data for @vue/compiler-core@https://registry.npmjs.org/@vue/compiler-core/-/compiler-core-3.3.4.tgz. Extracting by manifest.
379 silly tarball no local data for @babel/parser@https://registry.npmjs.org/@babel/parser/-/parser-7.22.16.tgz. Extracting by manifest.
380 silly tarball no local data for @vue/shared@https://registry.npmjs.org/@vue/shared/-/shared-3.3.4.tgz. Extracting by manifest.
381 silly tarball no local data for @vue/server-renderer@https://registry.npmjs.org/@vue/server-renderer/-/server-renderer-3.3.4.tgz. Extracting by manifest.
382 silly tarball no local data for @vue/compiler-sfc@https://registry.npmjs.org/@vue/compiler-sfc/-/compiler-sfc-3.3.4.tgz. Extracting by manifest.
383 silly tarball no local data for @vue/runtime-dom@https://registry.npmjs.org/@vue/runtime-dom/-/runtime-dom-3.3.4.tgz. Extracting by manifest.
384 silly tarball no local data for @vue/compiler-dom@https://registry.npmjs.org/@vue/compiler-dom/-/compiler-dom-3.3.4.tgz. Extracting by manifest.
385 silly tarball no local data for picomatch@https://registry.npmjs.org/picomatch/-/picomatch-2.3.1.tgz. Extracting by manifest.
386 silly tarball no local data for @esbuild/linux-x64@https://registry.npmjs.org/@esbuild/linux-x64/-/linux-x64-0.18.20.tgz. Extracting by manifest.
387 silly tarball no local data for rollup@https://registry.npmjs.org/rollup/-/rollup-3.29.0.tgz. Extracting by manifest.
388 silly tarball no local data for esbuild@https://registry.npmjs.org/esbuild/-/esbuild-0.18.20.tgz. Extracting by manifest.
389 silly tarball no local data for source-map-js@https://registry.npmjs.org/source-map-js/-/source-map-js-1.0.2.tgz. Extracting by manifest.
390 silly tarball no local data for nanoid@https://registry.npmjs.org/nanoid/-/nanoid-3.3.6.tgz. Extracting by manifest.
391 silly tarball no local data for vite-plugin-full-reload@https://registry.npmjs.org/vite-plugin-full-reload/-/vite-plugin-full-reload-1.0.5.tgz. Extracting by manifest.
392 silly tarball no local data for mime-types@https://registry.npmjs.org/mime-types/-/mime-types-2.1.35.tgz. Extracting by manifest.
393 silly tarball no local data for delayed-stream@https://registry.npmjs.org/delayed-stream/-/delayed-stream-1.0.0.tgz. Extracting by manifest.
394 silly tarball no local data for picocolors@https://registry.npmjs.org/picocolors/-/picocolors-1.0.0.tgz. Extracting by manifest.
395 silly tarball no local data for mime-db@https://registry.npmjs.org/mime-db/-/mime-db-1.52.0.tgz. Extracting by manifest.
396 silly tarball no local data for combined-stream@https://registry.npmjs.org/combined-stream/-/combined-stream-1.0.8.tgz. Extracting by manifest.
397 silly tarball no local data for asynckit@https://registry.npmjs.org/asynckit/-/asynckit-0.4.0.tgz. Extracting by manifest.
398 silly tarball no local data for proxy-from-env@https://registry.npmjs.org/proxy-from-env/-/proxy-from-env-1.1.0.tgz. Extracting by manifest.
399 silly tarball no local data for form-data@https://registry.npmjs.org/form-data/-/form-data-4.0.0.tgz. Extracting by manifest.
400 silly tarball no local data for follow-redirects@https://registry.npmjs.org/follow-redirects/-/follow-redirects-1.15.2.tgz. Extracting by manifest.
401 silly tarball no local data for vue@https://registry.npmjs.org/vue/-/vue-3.3.4.tgz. Extracting by manifest.
402 silly tarball no local data for postcss@https://registry.npmjs.org/postcss/-/postcss-8.4.29.tgz. Extracting by manifest.
403 silly tarball no local data for lodash@https://registry.npmjs.org/lodash/-/lodash-4.17.21.tgz. Extracting by manifest.
404 silly tarball no local data for vite@https://registry.npmjs.org/vite/-/vite-4.4.9.tgz. Extracting by manifest.
405 silly tarball no local data for laravel-vite-plugin@https://registry.npmjs.org/laravel-vite-plugin/-/laravel-vite-plugin-0.7.8.tgz. Extracting by manifest.
406 silly tarball no local data for axios@https://registry.npmjs.org/axios/-/axios-1.5.0.tgz. Extracting by manifest.
407 http fetch POST 200 https://registry.npmjs.org/-/npm/v1/security/advisories/bulk 223ms
408 timing auditReport:getReport Completed in 226ms
409 silly audit report {}
410 timing auditReport:init Completed in 0ms
411 timing reify:audit Completed in 226ms
412 http fetch GET 200 https://registry.npmjs.org/@jridgewell/sourcemap-codec/-/sourcemap-codec-1.4.15.tgz 296ms (cache miss)
413 http fetch GET 200 https://registry.npmjs.org/estree-walker/-/estree-walker-2.0.2.tgz 296ms (cache miss)
414 timing reifyNode:node_modules/@jridgewell/sourcemap-codec Completed in 325ms
415 http fetch GET 200 https://registry.npmjs.org/@vue/reactivity-transform/-/reactivity-transform-3.3.4.tgz 301ms (cache miss)
416 timing reifyNode:node_modules/@vue/reactivity-transform Completed in 324ms
417 http fetch GET 200 https://registry.npmjs.org/@vue/compiler-ssr/-/compiler-ssr-3.3.4.tgz 301ms (cache miss)
418 timing reifyNode:node_modules/@vue/compiler-ssr Completed in 325ms
419 http fetch GET 200 https://registry.npmjs.org/vite-plugin-full-reload/-/vite-plugin-full-reload-1.0.5.tgz 291ms (cache miss)
420 timing reifyNode:node_modules/vite-plugin-full-reload Completed in 325ms
421 http fetch GET 200 https://registry.npmjs.org/delayed-stream/-/delayed-stream-1.0.0.tgz 290ms (cache miss)
422 timing reifyNode:node_modules/delayed-stream Completed in 325ms
423 http fetch GET 200 https://registry.npmjs.org/nanoid/-/nanoid-3.3.6.tgz 292ms (cache miss)
424 http fetch GET 200 https://registry.npmjs.org/picocolors/-/picocolors-1.0.0.tgz 291ms (cache miss)
425 timing reifyNode:node_modules/picocolors Completed in 327ms
426 http fetch GET 200 https://registry.npmjs.org/picomatch/-/picomatch-2.3.1.tgz 297ms (cache miss)
427 http fetch GET 200 https://registry.npmjs.org/combined-stream/-/combined-stream-1.0.8.tgz 290ms (cache miss)
428 timing reifyNode:node_modules/combined-stream Completed in 328ms
429 http fetch GET 200 https://registry.npmjs.org/proxy-from-env/-/proxy-from-env-1.1.0.tgz 290ms (cache miss)
430 timing reifyNode:node_modules/proxy-from-env Completed in 328ms
431 http fetch GET 200 https://registry.npmjs.org/mime-types/-/mime-types-2.1.35.tgz 295ms (cache miss)
432 timing reifyNode:node_modules/mime-types Completed in 330ms
433 http fetch GET 200 https://registry.npmjs.org/esbuild/-/esbuild-0.18.20.tgz 299ms (cache miss)
434 timing reifyNode:node_modules/picomatch Completed in 332ms
435 http fetch GET 200 https://registry.npmjs.org/follow-redirects/-/follow-redirects-1.15.2.tgz 292ms (cache miss)
436 timing reifyNode:node_modules/follow-redirects Completed in 330ms
437 http fetch GET 200 https://registry.npmjs.org/asynckit/-/asynckit-0.4.0.tgz 295ms (cache miss)
438 http fetch GET 200 https://registry.npmjs.org/form-data/-/form-data-4.0.0.tgz 294ms (cache miss)
439 timing reifyNode:node_modules/form-data Completed in 332ms
440 http fetch GET 200 https://registry.npmjs.org/laravel-vite-plugin/-/laravel-vite-plugin-0.7.8.tgz 290ms (cache miss)
441 timing reifyNode:node_modules/laravel-vite-plugin Completed in 333ms
442 timing reifyNode:node_modules/esbuild Completed in 335ms
443 http fetch GET 200 https://registry.npmjs.org/mime-db/-/mime-db-1.52.0.tgz 300ms (cache miss)
444 timing reifyNode:node_modules/mime-db Completed in 389ms
445 timing reifyNode:node_modules/asynckit Completed in 390ms
446 timing reifyNode:node_modules/estree-walker Completed in 393ms
447 timing reifyNode:node_modules/nanoid Completed in 403ms
448 http fetch GET 200 https://registry.npmjs.org/source-map-js/-/source-map-js-1.0.2.tgz 379ms (cache miss)
449 timing reifyNode:node_modules/source-map-js Completed in 412ms
450 http fetch GET 200 https://registry.npmjs.org/magic-string/-/magic-string-0.30.3.tgz 397ms (cache miss)
451 timing reifyNode:node_modules/magic-string Completed in 419ms
452 http fetch GET 200 https://registry.npmjs.org/@vue/compiler-core/-/compiler-core-3.3.4.tgz 395ms (cache miss)
453 timing reifyNode:node_modules/@vue/compiler-core Completed in 420ms
454 http fetch GET 200 https://registry.npmjs.org/@vue/server-renderer/-/server-renderer-3.3.4.tgz 393ms (cache miss)
455 timing reifyNode:node_modules/@vue/server-renderer Completed in 423ms
456 http fetch GET 200 https://registry.npmjs.org/@vue/runtime-core/-/runtime-core-3.3.4.tgz 405ms (cache miss)
457 timing reifyNode:node_modules/@vue/runtime-core Completed in 429ms
458 http fetch GET 200 https://registry.npmjs.org/csstype/-/csstype-3.1.2.tgz 491ms (cache miss)
459 timing reifyNode:node_modules/csstype Completed in 513ms
460 http fetch GET 200 https://registry.npmjs.org/postcss/-/postcss-8.4.29.tgz 472ms (cache miss)
461 timing reifyNode:node_modules/postcss Completed in 512ms
462 http fetch GET 200 https://registry.npmjs.org/@vue/runtime-dom/-/runtime-dom-3.3.4.tgz 557ms (cache miss)
463 timing reifyNode:node_modules/@vue/runtime-dom Completed in 588ms
464 http fetch GET 200 https://registry.npmjs.org/@babel/parser/-/parser-7.22.16.tgz 594ms (cache miss)
465 timing reifyNode:node_modules/@babel/parser Completed in 621ms
466 http fetch GET 200 https://registry.npmjs.org/@vue/compiler-sfc/-/compiler-sfc-3.3.4.tgz 662ms (cache miss)
467 timing reifyNode:node_modules/@vue/compiler-sfc Completed in 694ms
468 http fetch GET 200 https://registry.npmjs.org/vue/-/vue-3.3.4.tgz 658ms (cache miss)
469 timing reifyNode:node_modules/vue Completed in 698ms
470 http fetch GET 200 https://registry.npmjs.org/rollup/-/rollup-3.29.0.tgz 673ms (cache miss)
471 timing reifyNode:node_modules/rollup Completed in 706ms
472 http fetch GET 200 https://registry.npmjs.org/axios/-/axios-1.5.0.tgz 674ms (cache miss)
473 timing reifyNode:node_modules/axios Completed in 716ms
474 http fetch GET 200 https://registry.npmjs.org/vite/-/vite-4.4.9.tgz 688ms (cache miss)
475 timing reifyNode:node_modules/vite Completed in 728ms
476 http fetch GET 200 https://registry.npmjs.org/@vue/shared/-/shared-3.3.4.tgz 770ms (cache miss)
477 timing reifyNode:node_modules/@vue/shared Completed in 799ms
478 http fetch GET 200 https://registry.npmjs.org/@vue/reactivity/-/reactivity-3.3.4.tgz 781ms (cache miss)
479 timing reifyNode:node_modules/@vue/reactivity Completed in 803ms
480 http fetch GET 200 https://registry.npmjs.org/@vue/compiler-dom/-/compiler-dom-3.3.4.tgz 891ms (cache miss)
481 timing reifyNode:node_modules/@vue/compiler-dom Completed in 922ms
482 http fetch GET 200 https://registry.npmjs.org/@esbuild/linux-x64/-/linux-x64-0.18.20.tgz 983ms (cache miss)
483 timing reifyNode:node_modules/@esbuild/linux-x64 Completed in 1015ms
484 http fetch GET 200 https://registry.npmjs.org/lodash/-/lodash-4.17.21.tgz 1057ms (cache miss)
485 timing reifyNode:node_modules/lodash Completed in 1097ms
486 timing reify:unpack Completed in 1101ms
487 timing reify:unretire Completed in 0ms
488 timing build:queue Completed in 1ms
489 timing build:link:node_modules/@babel/parser Completed in 1ms
490 timing build:link:node_modules/esbuild Completed in 1ms
491 timing build:link:node_modules/nanoid Completed in 1ms
492 timing build:link:node_modules/rollup Completed in 1ms
493 timing build:link:node_modules/vite Completed in 1ms
494 timing build:link Completed in 1ms
495 info run esbuild@0.18.20 postinstall node_modules/esbuild node install.js
496 info run esbuild@0.18.20 postinstall { code: 0, signal: null }
497 timing build:run:postinstall:node_modules/esbuild Completed in 46ms
498 timing build:run:postinstall Completed in 47ms
499 timing build:deps Completed in 50ms
500 timing build Completed in 50ms
501 timing reify:build Completed in 51ms
502 timing reify:trash Completed in 2ms
503 timing reify:save Completed in 48ms
504 timing reify Completed in 8047ms
505 silly ADD node_modules/@jridgewell/sourcemap-codec
506 silly ADD node_modules/@vue/reactivity
507 silly ADD node_modules/csstype
508 silly ADD node_modules/@vue/runtime-core
509 silly ADD node_modules/magic-string
510 silly ADD node_modules/@vue/reactivity-transform
511 silly ADD node_modules/@vue/compiler-ssr
512 silly ADD node_modules/estree-walker
513 silly ADD node_modules/@babel/parser
514 silly ADD node_modules/@vue/compiler-core
515 silly ADD node_modules/@vue/shared
516 silly ADD node_modules/@vue/server-renderer
517 silly ADD node_modules/@vue/runtime-dom
518 silly ADD node_modules/@vue/compiler-sfc
519 silly ADD node_modules/@vue/compiler-dom
520 silly ADD node_modules/picomatch
521 silly ADD
522 silly ADD
523 silly ADD
524 silly ADD
525 silly ADD
526 silly ADD
527 silly ADD node_modules/@esbuild/linux-x64
528 silly ADD
529 silly ADD
530 silly ADD
531 silly ADD
532 silly ADD
533 silly ADD
534 silly ADD
535 silly ADD
536 silly ADD
537 silly ADD
538 silly ADD
539 silly ADD
540 silly ADD
541 silly ADD
542 silly ADD
543 silly ADD node_modules/rollup
544 silly ADD
545 silly ADD node_modules/esbuild
546 silly ADD node_modules/source-map-js
547 silly ADD node_modules/nanoid
548 silly ADD node_modules/mime-db
549 silly ADD node_modules/vite-plugin-full-reload
550 silly ADD node_modules/picocolors
551 silly ADD node_modules/delayed-stream
552 silly ADD node_modules/mime-types
553 silly ADD node_modules/combined-stream
554 silly ADD node_modules/asynckit
555 silly ADD node_modules/proxy-from-env
556 silly ADD node_modules/form-data
557 silly ADD node_modules/follow-redirects
558 silly ADD node_modules/vue
559 silly ADD node_modules/postcss
560 silly ADD node_modules/lodash
561 silly ADD node_modules/vite
562 silly ADD node_modules/laravel-vite-plugin
563 silly ADD node_modules/axios
564 timing command:i Completed in 8054ms
565 notice
565 notice New [31mmajor[39m version of npm available! [31m9.8.1[39m -> [32m10.1.0[39m
565 notice Changelog: [36mhttps://github.com/npm/cli/releases/tag/v10.1.0[39m
565 notice Run [32mnpm install -g npm@10.1.0[39m to update!
565 notice
566 verbose exit 0
567 timing npm Completed in 8248ms
568 info ok
