0 verbose cli /usr/bin/node /usr/bin/npm
1 info using npm@9.8.1
2 info using node@v18.17.1
3 timing npm:load:whichnode Completed in 1ms
4 timing config:load:defaults Completed in 2ms
5 timing config:load:file:/usr/lib/node_modules/npm/npmrc Completed in 0ms
6 timing config:load:builtin Completed in 0ms
7 timing config:load:cli Completed in 2ms
8 timing config:load:env Completed in 0ms
9 timing config:load:file:/var/www/.npmrc Completed in 1ms
10 timing config:load:project Completed in 3ms
11 timing config:load:file:/var/www/.home/.npmrc Completed in 0ms
12 timing config:load:user Completed in 0ms
13 timing config:load:file:/usr/etc/npmrc Completed in 0ms
14 timing config:load:global Completed in 0ms
15 timing config:load:setEnvs Completed in 1ms
16 timing config:load Completed in 9ms
17 timing npm:load:configload Completed in 9ms
18 timing config:load:flatten Completed in 2ms
19 timing npm:load:mkdirpcache Completed in 0ms
20 timing npm:load:mkdirplogs Completed in 0ms
21 verbose title npm i vue-router
22 verbose argv "i" "vue-router"
23 timing npm:load:setTitle Completed in 1ms
24 timing npm:load:display Completed in 0ms
25 verbose logfile logs-max:10 dir:/var/www/.home/.npm/_logs/2023-09-09T03_40_22_269Z-
26 verbose logfile /var/www/.home/.npm/_logs/2023-09-09T03_40_22_269Z-debug-0.log
27 timing npm:load:logFile Completed in 7ms
28 timing npm:load:timers Completed in 0ms
29 timing npm:load:configScope Completed in 0ms
30 timing npm:load Completed in 30ms
31 timing arborist:ctor Completed in 1ms
32 silly logfile done cleaning log files
33 timing idealTree:init Completed in 153ms
34 timing idealTree:userRequests Completed in 1ms
35 silly idealTree buildDeps
36 silly fetch manifest vue-router@*
37 verbose shrinkwrap failed to load node_modules/.package-lock.json out of date, updated: node_modules
38 http fetch GET 200 https://registry.npmjs.org/vue-router 861ms (cache miss)
39 silly fetch manifest vue@^3.2.0
40 http fetch GET 200 https://registry.npmjs.org/vue 32ms (cache revalidated)
41 silly placeDep ROOT vue-router@4.2.4 OK for:  want: *
42 silly placeDep ROOT vue@3.3.4 OK for: vue-router@4.2.4 want: ^3.2.0
43 silly fetch manifest @vue/devtools-api@^6.5.0
44 silly fetch manifest @vue/shared@3.3.4
45 silly fetch manifest @vue/compiler-dom@3.3.4
46 silly fetch manifest @vue/runtime-dom@3.3.4
47 silly fetch manifest @vue/compiler-sfc@3.3.4
48 silly fetch manifest @vue/server-renderer@3.3.4
49 http fetch GET 200 https://registry.npmjs.org/@vue%2fcompiler-sfc 78ms (cache revalidated)
50 http fetch GET 200 https://registry.npmjs.org/@vue%2fserver-renderer 93ms (cache revalidated)
51 http fetch GET 200 https://registry.npmjs.org/@vue%2fshared 101ms (cache revalidated)
52 http fetch GET 200 https://registry.npmjs.org/@vue%2fruntime-dom 108ms (cache revalidated)
53 http fetch GET 200 https://registry.npmjs.org/@vue%2fcompiler-dom 1449ms (cache revalidated)
54 http fetch GET 200 https://registry.npmjs.org/@vue%2fdevtools-api 1639ms (cache miss)
55 timing idealTree:#root Completed in 2552ms
56 silly fetch manifest vue@3.3.4
57 silly placeDep ROOT @vue/compiler-dom@3.3.4 OK for: vue@3.3.4 want: 3.3.4
58 silly fetch manifest @vue/compiler-core@3.3.4
59 silly placeDep ROOT @vue/compiler-sfc@3.3.4 OK for: vue@3.3.4 want: 3.3.4
60 silly fetch manifest @babel/parser@^7.20.15
61 silly fetch manifest @vue/compiler-ssr@3.3.4
62 silly fetch manifest @vue/reactivity-transform@3.3.4
63 silly fetch manifest estree-walker@^2.0.2
64 silly fetch manifest magic-string@^0.30.0
65 silly placeDep ROOT @vue/runtime-dom@3.3.4 OK for: vue@3.3.4 want: 3.3.4
66 silly fetch manifest @vue/runtime-core@3.3.4
67 silly fetch manifest csstype@^3.1.1
68 silly placeDep ROOT @vue/server-renderer@3.3.4 OK for: vue@3.3.4 want: 3.3.4
69 silly placeDep ROOT @vue/shared@3.3.4 OK for: vue@3.3.4 want: 3.3.4
70 http fetch GET 200 https://registry.npmjs.org/magic-string 42ms (cache revalidated)
71 http fetch GET 200 https://registry.npmjs.org/@babel%2fparser 45ms (cache revalidated)
72 http fetch GET 200 https://registry.npmjs.org/csstype 44ms (cache revalidated)
73 http fetch GET 200 https://registry.npmjs.org/estree-walker 58ms (cache revalidated)
74 http fetch GET 200 https://registry.npmjs.org/@vue%2fcompiler-core 584ms (cache revalidated)
75 http fetch GET 200 https://registry.npmjs.org/@vue%2fcompiler-ssr 1424ms (cache revalidated)
76 http fetch GET 200 https://registry.npmjs.org/@vue%2fruntime-core 1491ms (cache revalidated)
77 http fetch GET 200 https://registry.npmjs.org/@vue%2freactivity-transform 1535ms (cache revalidated)
78 timing idealTree:node_modules/vue Completed in 1542ms
79 silly placeDep ROOT @vue/compiler-core@3.3.4 OK for: @vue/compiler-dom@3.3.4 want: 3.3.4
80 silly fetch manifest @babel/parser@^7.21.3
81 timing idealTree:node_modules/@vue/compiler-dom Completed in 2ms
82 silly placeDep ROOT @babel/parser@7.22.16 OK for: @vue/compiler-core@3.3.4 want: ^7.21.3
83 silly placeDep ROOT estree-walker@2.0.2 OK for: @vue/compiler-core@3.3.4 want: ^2.0.2
84 timing idealTree:node_modules/@vue/compiler-core Completed in 2ms
85 timing idealTree:node_modules/@babel/parser Completed in 0ms
86 silly placeDep ROOT @vue/compiler-ssr@3.3.4 OK for: @vue/compiler-sfc@3.3.4 want: 3.3.4
87 silly placeDep ROOT @vue/reactivity-transform@3.3.4 OK for: @vue/compiler-sfc@3.3.4 want: 3.3.4
88 silly placeDep ROOT magic-string@0.30.3 OK for: @vue/compiler-sfc@3.3.4 want: ^0.30.0
89 silly fetch manifest @jridgewell/sourcemap-codec@^1.4.15
90 http fetch GET 200 https://registry.npmjs.org/@jridgewell%2fsourcemap-codec 45ms (cache revalidated)
91 timing idealTree:node_modules/@vue/compiler-sfc Completed in 49ms
92 timing idealTree:node_modules/@vue/compiler-ssr Completed in 0ms
93 timing idealTree:node_modules/@vue/reactivity-transform Completed in 0ms
94 silly placeDep ROOT @vue/runtime-core@3.3.4 OK for: @vue/runtime-dom@3.3.4 want: 3.3.4
95 silly fetch manifest @vue/reactivity@3.3.4
96 silly placeDep ROOT csstype@3.1.2 OK for: @vue/runtime-dom@3.3.4 want: ^3.1.1
97 http fetch GET 200 https://registry.npmjs.org/@vue%2freactivity 76ms (cache revalidated)
98 timing idealTree:node_modules/@vue/runtime-dom Completed in 79ms
99 silly placeDep ROOT @vue/reactivity@3.3.4 OK for: @vue/runtime-core@3.3.4 want: 3.3.4
100 timing idealTree:node_modules/@vue/runtime-core Completed in 1ms
101 timing idealTree:node_modules/@vue/reactivity Completed in 0ms
102 timing idealTree:node_modules/@vue/server-renderer Completed in 0ms
103 timing idealTree:node_modules/@vue/shared Completed in 0ms
104 timing idealTree:node_modules/csstype Completed in 0ms
105 timing idealTree:node_modules/estree-walker Completed in 0ms
106 silly placeDep ROOT @jridgewell/sourcemap-codec@1.4.15 OK for: magic-string@0.30.3 want: ^1.4.15
107 timing idealTree:node_modules/magic-string Completed in 0ms
108 timing idealTree:node_modules/@jridgewell/sourcemap-codec Completed in 0ms
109 silly placeDep ROOT @vue/devtools-api@6.5.0 OK for: vue-router@4.2.4 want: ^6.5.0
110 timing idealTree:node_modules/vue-router Completed in 1ms
111 timing idealTree:node_modules/@vue/devtools-api Completed in 0ms
112 timing idealTree:buildDeps Completed in 4231ms
113 timing idealTree:fixDepFlags Completed in 3ms
114 timing idealTree Completed in 4390ms
115 timing reify:loadTrees Completed in 4390ms
116 timing reify:diffTrees Completed in 5ms
117 silly reify moves {}
118 timing reify:retireShallow Completed in 1ms
119 timing reify:createSparse Completed in 6ms
120 timing reify:loadBundles Completed in 0ms
121 silly audit bulk request {
121 silly audit   '@esbuild/android-arm': [ '0.18.20' ],
121 silly audit   '@esbuild/android-arm64': [ '0.18.20' ],
121 silly audit   '@esbuild/android-x64': [ '0.18.20' ],
121 silly audit   '@esbuild/darwin-arm64': [ '0.18.20' ],
121 silly audit   '@esbuild/darwin-x64': [ '0.18.20' ],
121 silly audit   '@esbuild/freebsd-arm64': [ '0.18.20' ],
121 silly audit   '@esbuild/freebsd-x64': [ '0.18.20' ],
121 silly audit   '@esbuild/linux-arm': [ '0.18.20' ],
121 silly audit   '@esbuild/linux-arm64': [ '0.18.20' ],
121 silly audit   '@esbuild/linux-ia32': [ '0.18.20' ],
121 silly audit   '@esbuild/linux-loong64': [ '0.18.20' ],
121 silly audit   '@esbuild/linux-mips64el': [ '0.18.20' ],
121 silly audit   '@esbuild/linux-ppc64': [ '0.18.20' ],
121 silly audit   '@esbuild/linux-riscv64': [ '0.18.20' ],
121 silly audit   '@esbuild/linux-s390x': [ '0.18.20' ],
121 silly audit   '@esbuild/linux-x64': [ '0.18.20' ],
121 silly audit   '@esbuild/netbsd-x64': [ '0.18.20' ],
121 silly audit   '@esbuild/openbsd-x64': [ '0.18.20' ],
121 silly audit   '@esbuild/sunos-x64': [ '0.18.20' ],
121 silly audit   '@esbuild/win32-arm64': [ '0.18.20' ],
121 silly audit   '@esbuild/win32-ia32': [ '0.18.20' ],
121 silly audit   '@esbuild/win32-x64': [ '0.18.20' ],
121 silly audit   '@foliojs-fork/fontkit': [ '1.9.1' ],
121 silly audit   '@foliojs-fork/linebreak': [ '1.1.1' ],
121 silly audit   '@foliojs-fork/pdfkit': [ '0.13.0' ],
121 silly audit   '@foliojs-fork/restructure': [ '2.0.2' ],
121 silly audit   '@fortawesome/fontawesome-free': [ '5.15.4' ],
121 silly audit   '@lgaitan/pace-progress': [ '1.0.7' ],
121 silly audit   '@popperjs/core': [ '2.11.8' ],
121 silly audit   '@sweetalert2/theme-bootstrap-4': [ '5.0.15' ],
121 silly audit   '@ttskch/select2-bootstrap4-theme': [ '1.5.2' ],
121 silly audit   acorn: [ '7.4.1' ],
121 silly audit   'acorn-node': [ '1.8.2' ],
121 silly audit   'acorn-walk': [ '7.2.0' ],
121 silly audit   'admin-lte': [ '3.2.0' ],
121 silly audit   bootstrap: [ '4.6.2', '3.4.1', '5.3.1' ],
121 silly audit   amdefine: [ '1.0.1' ],
121 silly audit   'array-from': [ '2.1.1' ],
121 silly audit   'ast-transform': [ '0.0.0' ],
121 silly audit   'ast-types': [ '0.7.8' ],
121 silly audit   asynckit: [ '0.4.0' ],
121 silly audit   axios: [ '1.5.0' ],
121 silly audit   'base64-js': [ '1.3.1' ],
121 silly audit   'bootstrap-colorpicker': [ '3.4.0' ],
121 silly audit   'bootstrap-slider': [ '11.0.2' ],
121 silly audit   'bootstrap-switch': [ '3.3.4' ],
121 silly audit   'bootstrap4-duallistbox': [ '4.0.2' ],
121 silly audit   brfs: [ '2.0.2' ],
121 silly audit   brotli: [ '1.3.3' ],
121 silly audit   'browser-resolve': [ '1.11.3' ],
121 silly audit   resolve: [ '1.1.7', '1.22.4' ],
121 silly audit   'browserify-optional': [ '1.0.1' ],
121 silly audit   'bs-custom-file-input': [ '1.3.4' ],
121 silly audit   'bs-stepper': [ '1.7.0' ],
121 silly audit   'buffer-equal': [ '0.0.1' ],
121 silly audit   'buffer-from': [ '1.1.2' ],
121 silly audit   'call-bind': [ '1.0.2' ],
121 silly audit   'chart.js': [ '2.9.4' ],
121 silly audit   'chartjs-color': [ '2.4.1' ],
121 silly audit   'chartjs-color-string': [ '0.6.0' ],
121 silly audit   clone: [ '1.0.4' ],
121 silly audit   codemirror: [ '5.65.15' ],
121 silly audit   'color-convert': [ '1.9.3' ],
121 silly audit   'color-name': [ '1.1.3', '1.1.4' ],
121 silly audit   'combined-stream': [ '1.0.8' ],
121 silly audit   'concat-stream': [ '1.6.2' ],
121 silly audit   'convert-source-map': [ '1.9.0' ],
121 silly audit   'core-util-is': [ '1.0.3' ],
121 silly audit   'crypto-js': [ '4.1.1' ],
121 silly audit   d: [ '1.0.1' ],
121 silly audit   'dash-ast': [ '2.0.1' ],
121 silly audit   'datatables.net': [ '1.13.6' ],
121 silly audit   'datatables.net-autofill': [ '2.6.0' ],
121 silly audit   'datatables.net-autofill-bs4': [ '2.6.0' ],
121 silly audit   'datatables.net-bs4': [ '1.13.6' ],
121 silly audit   'datatables.net-buttons': [ '2.4.2' ],
121 silly audit   'datatables.net-buttons-bs4': [ '2.4.2' ],
121 silly audit   'datatables.net-colreorder': [ '1.7.0' ],
121 silly audit   'datatables.net-colreorder-bs4': [ '1.7.0' ],
121 silly audit   'datatables.net-fixedcolumns': [ '4.3.0' ],
121 silly audit   'datatables.net-fixedcolumns-bs4': [ '4.3.0' ],
121 silly audit   'datatables.net-fixedheader': [ '3.4.0' ],
121 silly audit   'datatables.net-fixedheader-bs4': [ '3.4.0' ],
121 silly audit   'datatables.net-keytable': [ '2.10.0' ],
121 silly audit   'datatables.net-keytable-bs4': [ '2.10.0' ],
121 silly audit   'datatables.net-responsive': [ '2.5.0' ],
121 silly audit   'datatables.net-responsive-bs4': [ '2.5.0' ],
121 silly audit   'datatables.net-rowgroup': [ '1.4.0' ],
121 silly audit   'datatables.net-rowgroup-bs4': [ '1.4.0' ],
121 silly audit   'datatables.net-rowreorder': [ '1.4.1' ],
121 silly audit   'datatables.net-rowreorder-bs4': [ '1.4.1' ],
121 silly audit   'datatables.net-scroller': [ '2.2.0' ],
121 silly audit   'datatables.net-scroller-bs4': [ '2.2.0' ],
121 silly audit   'datatables.net-searchbuilder': [ '1.5.0' ],
121 silly audit   'datatables.net-searchbuilder-bs4': [ '1.5.0' ],
121 silly audit   'datatables.net-searchpanes': [ '2.2.0' ],
121 silly audit   'datatables.net-searchpanes-bs4': [ '1.4.0' ],
121 silly audit   'datatables.net-select': [ '1.7.0' ],
121 silly audit   'datatables.net-select-bs4': [ '1.7.0' ],
121 silly audit   daterangepicker: [ '3.1.0' ],
121 silly audit   'deep-equal': [ '1.1.1' ],
121 silly audit   'deep-is': [ '0.1.4' ],
121 silly audit   'define-properties': [ '1.2.0' ],
121 silly audit   'delayed-stream': [ '1.0.0' ],
121 silly audit   dfa: [ '1.2.0' ],
121 silly audit   dropzone: [ '5.9.3' ],
121 silly audit   duplexer2: [ '0.1.4' ],
121 silly audit   'ekko-lightbox': [ '5.3.0' ],
121 silly audit   'es5-ext': [ '0.10.62' ],
121 silly audit   'es6-iterator': [ '2.0.3' ],
121 silly audit   'es6-map': [ '0.1.5' ],
121 silly audit   'es6-set': [ '0.1.6' ],
121 silly audit   type: [ '2.7.2', '1.2.0' ],
121 silly audit   'es6-symbol': [ '3.1.3' ],
121 silly audit   esbuild: [ '0.18.20' ],
121 silly audit   escodegen: [ '1.2.0', '1.14.3' ],
121 silly audit   esprima: [ '1.0.4', '4.0.1' ],
121 silly audit   estraverse: [ '1.5.1', '4.3.0' ],
121 silly audit   'estree-is-function': [ '1.0.0' ],
121 silly audit   esutils: [ '1.0.0', '2.0.3' ],
121 silly audit   'ev-emitter': [ '1.1.1' ],
121 silly audit   'eve-raphael': [ '0.5.0' ],
121 silly audit   'event-emitter': [ '0.3.5' ],
121 silly audit   ext: [ '1.7.0' ],
121 silly audit   'fast-levenshtein': [ '2.0.6' ],
121 silly audit   'fast-memoize': [ '2.5.2' ],
121 silly audit   fastclick: [ '1.0.6' ],
121 silly audit   filterizr: [ '2.2.4' ],
121 silly audit   'flag-icon-css': [ '4.1.7' ],
121 silly audit   flot: [ '4.2.6' ],
121 silly audit   'follow-redirects': [ '1.15.2' ],
121 silly audit   'form-data': [ '4.0.0' ],
121 silly audit   'fs-extra': [ '10.1.0' ],
121 silly audit   fsevents: [ '2.3.3' ],
121 silly audit   fullcalendar: [ '5.11.5' ],
121 silly audit   'function-bind': [ '1.1.1' ],
121 silly audit   'functions-have-names': [ '1.2.3' ],
121 silly audit   'get-assigned-identifiers': [ '1.2.0' ],
121 silly audit   'get-intrinsic': [ '1.2.1' ],
121 silly audit   'graceful-fs': [ '4.2.11' ],
121 silly audit   has: [ '1.0.3' ],
121 silly audit   'has-property-descriptors': [ '1.0.0' ],
121 silly audit   'has-proto': [ '1.0.1' ],
121 silly audit   'has-symbols': [ '1.0.3' ],
121 silly audit   'has-tostringtag': [ '1.0.0' ],
121 silly audit   'icheck-bootstrap': [ '3.0.1' ],
121 silly audit   'iconv-lite': [ '0.6.3' ],
121 silly audit   imagesloaded: [ '4.1.4' ],
121 silly audit   immediate: [ '3.0.6' ],
121 silly audit   inherits: [ '2.0.4' ],
121 silly audit   inputmask: [ '5.0.8' ],
121 silly audit   'ion-rangeslider': [ '2.3.1' ],
121 silly audit   'is-arguments': [ '1.1.1' ],
121 silly audit   'is-core-module': [ '2.13.0' ],
121 silly audit   'is-date-object': [ '1.0.5' ],
121 silly audit   'is-regex': [ '1.1.4' ],
121 silly audit   isarray: [ '1.0.0' ],
121 silly audit   jquery: [ '3.7.1' ],
121 silly audit   'jquery-knob-chif': [ '1.2.13' ],
121 silly audit   'jquery-mapael': [ '2.2.0' ],
121 silly audit   'jquery-mousewheel': [ '3.1.13' ],
121 silly audit   'jquery-ui-dist': [ '1.13.2' ],
121 silly audit   'jquery-validation': [ '1.19.5' ],
121 silly audit   'jqvmap-novulnerability': [ '1.5.1' ],
121 silly audit   jsgrid: [ '1.5.3' ],
121 silly audit   jsonfile: [ '6.1.0' ],
121 silly audit   jszip: [ '3.10.1' ],
121 silly audit   'laravel-vite-plugin': [ '0.7.8' ],
121 silly audit   levn: [ '0.3.0' ],
121 silly audit   lie: [ '3.3.0' ],
121 silly audit   lodash: [ '4.17.21' ],
121 silly audit   'merge-source-map': [ '1.0.4' ],
121 silly audit   'source-map': [ '0.5.7', '0.1.43', '0.6.1' ],
121 silly audit   'mime-db': [ '1.52.0' ],
121 silly audit   'mime-types': [ '2.1.35' ],
121 silly audit   minimist: [ '1.2.8' ],
121 silly audit   moment: [ '2.29.4' ],
121 silly audit   'moment-timezone': [ '0.5.43' ],
121 silly audit   nanoid: [ '3.3.6' ],
121 silly audit   'next-tick': [ '1.1.0' ],
121 silly audit   'object-inspect': [ '1.12.3' ],
121 silly audit   'object-is': [ '1.1.5' ],
121 silly audit   'object-keys': [ '1.1.1' ],
121 silly audit   optionator: [ '0.8.3' ],
121 silly audit   overlayscrollbars: [ '1.13.3' ],
121 silly audit   pako: [ '1.0.11', '0.2.9' ],
121 silly audit   'path-parse': [ '1.0.7' ],
121 silly audit   pdfmake: [ '0.2.7' ],
121 silly audit   picocolors: [ '1.0.0' ],
121 silly audit   picomatch: [ '2.3.1' ],
121 silly audit   'png-js': [ '1.0.0' ],
121 silly audit   'popper.js': [ '1.16.1' ],
121 silly audit   postcss: [ '8.4.29' ],
121 silly audit   'prelude-ls': [ '1.1.2' ],
121 silly audit   'process-nextick-args': [ '2.0.1' ],
121 silly audit   'proxy-from-env': [ '1.1.0' ],
121 silly audit   'quote-stream': [ '1.0.2' ],
121 silly audit   raphael: [ '2.3.0' ],
121 silly audit   'readable-stream': [ '2.3.8' ],
121 silly audit   'regexp.prototype.flags': [ '1.5.0' ],
121 silly audit   rollup: [ '3.29.0' ],
121 silly audit   'safe-buffer': [ '5.1.2' ],
121 silly audit   'safer-buffer': [ '2.1.2' ],
121 silly audit   sax: [ '1.2.4' ],
121 silly audit   'scope-analyzer': [ '2.1.2' ],
121 silly audit   select2: [ '4.0.13' ],
121 silly audit   setimmediate: [ '1.0.5' ],
121 silly audit   'shallow-copy': [ '0.0.1' ],
121 silly audit   'source-map-js': [ '1.0.2' ],
121 silly audit   'sourcemap-codec': [ '1.4.8' ],
121 silly audit   sparklines: [ '1.3.0' ],
121 silly audit   'static-eval': [ '2.1.0' ],
121 silly audit   'static-module': [ '3.0.4' ],
121 silly audit   'magic-string': [ '0.25.1', '0.30.3' ],
121 silly audit   string_decoder: [ '1.1.1' ],
121 silly audit   summernote: [ '0.8.20' ],
121 silly audit   'supports-preserve-symlinks-flag': [ '1.0.0' ],
121 silly audit   sweetalert2: [ '11.7.27' ],
121 silly audit   'tempusdominus-bootstrap-4': [ '5.39.2' ],
121 silly audit   'tempusdominus-core': [ '5.19.3' ],
121 silly audit   through: [ '2.3.8' ],
121 silly audit   through2: [ '2.0.5' ],
121 silly audit   'tiny-inflate': [ '1.0.3' ],
121 silly audit   toastr: [ '2.1.4' ],
121 silly audit   'type-check': [ '0.3.2' ],
121 silly audit   typedarray: [ '0.0.6' ],
121 silly audit   'unicode-properties': [ '1.4.1' ],
121 silly audit   'unicode-trie': [ '2.0.0' ],
121 silly audit   universalify: [ '2.0.0' ],
121 silly audit   uplot: [ '1.6.25' ],
121 silly audit   'util-deprecate': [ '1.0.2' ],
121 silly audit   vite: [ '4.4.9' ],
121 silly audit   'vite-plugin-full-reload': [ '1.0.5' ],
121 silly audit   'word-wrap': [ '1.2.5' ],
121 silly audit   xmldoc: [ '1.3.0' ],
121 silly audit   xtend: [ '4.0.2' ],
121 silly audit   'vue-router': [ '4.2.4' ],
121 silly audit   vue: [ '3.3.4' ],
121 silly audit   '@vue/compiler-dom': [ '3.3.4' ],
121 silly audit   '@vue/compiler-sfc': [ '3.3.4' ],
121 silly audit   '@vue/runtime-dom': [ '3.3.4' ],
121 silly audit   '@vue/server-renderer': [ '3.3.4' ],
121 silly audit   '@vue/shared': [ '3.3.4' ],
121 silly audit   '@vue/compiler-core': [ '3.3.4' ],
121 silly audit   '@babel/parser': [ '7.22.16' ],
121 silly audit   'estree-walker': [ '2.0.2' ],
121 silly audit   '@vue/compiler-ssr': [ '3.3.4' ],
121 silly audit   '@vue/reactivity-transform': [ '3.3.4' ],
121 silly audit   '@vue/runtime-core': [ '3.3.4' ],
121 silly audit   csstype: [ '3.1.2' ],
121 silly audit   '@vue/reactivity': [ '3.3.4' ],
121 silly audit   '@jridgewell/sourcemap-codec': [ '1.4.15' ],
121 silly audit   '@vue/devtools-api': [ '6.5.0' ]
121 silly audit }
122 verbose reify failed optional dependency /var/www/node_modules/fsevents
123 silly reify mark deleted [ '/var/www/node_modules/fsevents' ]
124 verbose reify failed optional dependency /var/www/node_modules/@esbuild/win32-x64
125 silly reify mark deleted [ '/var/www/node_modules/@esbuild/win32-x64' ]
126 verbose reify failed optional dependency /var/www/node_modules/@esbuild/win32-ia32
127 silly reify mark deleted [ '/var/www/node_modules/@esbuild/win32-ia32' ]
128 verbose reify failed optional dependency /var/www/node_modules/@esbuild/win32-arm64
129 silly reify mark deleted [ '/var/www/node_modules/@esbuild/win32-arm64' ]
130 verbose reify failed optional dependency /var/www/node_modules/@esbuild/sunos-x64
131 silly reify mark deleted [ '/var/www/node_modules/@esbuild/sunos-x64' ]
132 verbose reify failed optional dependency /var/www/node_modules/@esbuild/openbsd-x64
133 silly reify mark deleted [ '/var/www/node_modules/@esbuild/openbsd-x64' ]
134 verbose reify failed optional dependency /var/www/node_modules/@esbuild/netbsd-x64
135 silly reify mark deleted [ '/var/www/node_modules/@esbuild/netbsd-x64' ]
136 verbose reify failed optional dependency /var/www/node_modules/@esbuild/linux-s390x
137 silly reify mark deleted [ '/var/www/node_modules/@esbuild/linux-s390x' ]
138 verbose reify failed optional dependency /var/www/node_modules/@esbuild/linux-riscv64
139 silly reify mark deleted [ '/var/www/node_modules/@esbuild/linux-riscv64' ]
140 verbose reify failed optional dependency /var/www/node_modules/@esbuild/linux-ppc64
141 silly reify mark deleted [ '/var/www/node_modules/@esbuild/linux-ppc64' ]
142 verbose reify failed optional dependency /var/www/node_modules/@esbuild/linux-mips64el
143 silly reify mark deleted [ '/var/www/node_modules/@esbuild/linux-mips64el' ]
144 verbose reify failed optional dependency /var/www/node_modules/@esbuild/linux-loong64
145 silly reify mark deleted [ '/var/www/node_modules/@esbuild/linux-loong64' ]
146 verbose reify failed optional dependency /var/www/node_modules/@esbuild/linux-ia32
147 silly reify mark deleted [ '/var/www/node_modules/@esbuild/linux-ia32' ]
148 verbose reify failed optional dependency /var/www/node_modules/@esbuild/linux-arm64
149 silly reify mark deleted [ '/var/www/node_modules/@esbuild/linux-arm64' ]
150 verbose reify failed optional dependency /var/www/node_modules/@esbuild/linux-arm
151 silly reify mark deleted [ '/var/www/node_modules/@esbuild/linux-arm' ]
152 verbose reify failed optional dependency /var/www/node_modules/@esbuild/freebsd-x64
153 silly reify mark deleted [ '/var/www/node_modules/@esbuild/freebsd-x64' ]
154 verbose reify failed optional dependency /var/www/node_modules/@esbuild/freebsd-arm64
155 silly reify mark deleted [ '/var/www/node_modules/@esbuild/freebsd-arm64' ]
156 verbose reify failed optional dependency /var/www/node_modules/@esbuild/darwin-x64
157 silly reify mark deleted [ '/var/www/node_modules/@esbuild/darwin-x64' ]
158 verbose reify failed optional dependency /var/www/node_modules/@esbuild/darwin-arm64
159 silly reify mark deleted [ '/var/www/node_modules/@esbuild/darwin-arm64' ]
160 verbose reify failed optional dependency /var/www/node_modules/@esbuild/android-x64
161 silly reify mark deleted [ '/var/www/node_modules/@esbuild/android-x64' ]
162 verbose reify failed optional dependency /var/www/node_modules/@esbuild/android-arm64
163 silly reify mark deleted [ '/var/www/node_modules/@esbuild/android-arm64' ]
164 verbose reify failed optional dependency /var/www/node_modules/@esbuild/android-arm
165 silly reify mark deleted [ '/var/www/node_modules/@esbuild/android-arm' ]
166 timing reifyNode:node_modules/fsevents Completed in 9ms
167 timing reifyNode:node_modules/@esbuild/win32-x64 Completed in 9ms
168 timing reifyNode:node_modules/@esbuild/win32-ia32 Completed in 9ms
169 timing reifyNode:node_modules/@esbuild/win32-arm64 Completed in 9ms
170 timing reifyNode:node_modules/@esbuild/sunos-x64 Completed in 9ms
171 timing reifyNode:node_modules/@esbuild/openbsd-x64 Completed in 9ms
172 timing reifyNode:node_modules/@esbuild/netbsd-x64 Completed in 9ms
173 timing reifyNode:node_modules/@esbuild/linux-s390x Completed in 9ms
174 timing reifyNode:node_modules/@esbuild/linux-riscv64 Completed in 9ms
175 timing reifyNode:node_modules/@esbuild/linux-ppc64 Completed in 9ms
176 timing reifyNode:node_modules/@esbuild/linux-mips64el Completed in 8ms
177 timing reifyNode:node_modules/@esbuild/linux-loong64 Completed in 8ms
178 timing reifyNode:node_modules/@esbuild/linux-ia32 Completed in 8ms
179 timing reifyNode:node_modules/@esbuild/linux-arm64 Completed in 8ms
180 timing reifyNode:node_modules/@esbuild/linux-arm Completed in 8ms
181 timing reifyNode:node_modules/@esbuild/freebsd-x64 Completed in 9ms
182 timing reifyNode:node_modules/@esbuild/freebsd-arm64 Completed in 9ms
183 timing reifyNode:node_modules/@esbuild/darwin-x64 Completed in 9ms
184 timing reifyNode:node_modules/@esbuild/darwin-arm64 Completed in 9ms
185 timing reifyNode:node_modules/@esbuild/android-x64 Completed in 9ms
186 timing reifyNode:node_modules/@esbuild/android-arm64 Completed in 9ms
187 timing reifyNode:node_modules/@esbuild/android-arm Completed in 9ms
188 silly tarball no local data for @vue/devtools-api@https://registry.npmjs.org/@vue/devtools-api/-/devtools-api-6.5.0.tgz. Extracting by manifest.
189 silly tarball no local data for vue-router@https://registry.npmjs.org/vue-router/-/vue-router-4.2.4.tgz. Extracting by manifest.
190 timing reifyNode:node_modules/@vue/reactivity-transform Completed in 115ms
191 timing reifyNode:node_modules/@vue/compiler-ssr Completed in 115ms
192 timing reifyNode:node_modules/@vue/shared Completed in 120ms
193 timing reifyNode:node_modules/@jridgewell/sourcemap-codec Completed in 122ms
194 timing reifyNode:node_modules/estree-walker Completed in 125ms
195 timing reifyNode:node_modules/@vue/reactivity Completed in 128ms
196 timing reifyNode:node_modules/@vue/server-renderer Completed in 130ms
197 timing reifyNode:node_modules/@vue/compiler-core Completed in 132ms
198 timing reifyNode:node_modules/magic-string Completed in 132ms
199 timing reifyNode:node_modules/@vue/runtime-core Completed in 200ms
200 http fetch POST 200 https://registry.npmjs.org/-/npm/v1/security/advisories/bulk 204ms
201 timing auditReport:getReport Completed in 211ms
202 silly audit report {
202 silly audit report   sweetalert2: [
202 silly audit report     {
202 silly audit report       id: 1092455,
202 silly audit report       url: 'https://github.com/advisories/GHSA-mrr8-v49w-3333',
202 silly audit report       title: 'sweetalert2 v11.6.14 and above contains potentially undesirable behavior',
202 silly audit report       severity: 'low',
202 silly audit report       vulnerable_versions: '>=11.6.14',
202 silly audit report       cwe: [Array],
202 silly audit report       cvss: [Object]
202 silly audit report     }
202 silly audit report   ]
202 silly audit report }
203 timing reifyNode:node_modules/@vue/compiler-dom Completed in 202ms
204 timing metavuln:cache:get:security-advisory:sweetalert2:gdpXimbvbRvDM6F0l596C/0PxeEcADb/YkXrqQTABjTf0dOpVUWs7UlymEf/33UMUcRCM9QS8DlCA0tT2h1yGA== Completed in 5ms
205 http fetch GET 200 https://registry.npmjs.org/@vue/devtools-api/-/devtools-api-6.5.0.tgz 187ms (cache miss)
206 timing reifyNode:node_modules/@vue/devtools-api Completed in 208ms
207 timing reifyNode:node_modules/csstype Completed in 211ms
208 timing reifyNode:node_modules/@vue/runtime-dom Completed in 211ms
209 http fetch GET 200 https://registry.npmjs.org/vue-router/-/vue-router-4.2.4.tgz 194ms (cache miss)
210 timing reifyNode:node_modules/vue-router Completed in 214ms
211 timing reifyNode:node_modules/@vue/compiler-sfc Completed in 216ms
212 timing reifyNode:node_modules/@babel/parser Completed in 217ms
213 timing reifyNode:node_modules/vue Completed in 218ms
214 timing reify:unpack Completed in 220ms
215 timing reify:unretire Completed in 0ms
216 timing build:queue Completed in 1ms
217 timing build:link:node_modules/@babel/parser Completed in 1ms
218 timing build:link Completed in 1ms
219 timing build:deps Completed in 2ms
220 timing build Completed in 2ms
221 timing reify:build Completed in 2ms
222 timing reify:trash Completed in 1ms
223 timing reify:save Completed in 90ms
224 http fetch GET 200 https://registry.npmjs.org/sweetalert2 216ms (cache revalidated)
225 timing metavuln:packument:sweetalert2 Completed in 224ms
226 timing metavuln:load:security-advisory:sweetalert2:1092455 Completed in 3ms
227 timing metavuln:calculate:security-advisory:sweetalert2:1092455 Completed in 228ms
228 timing metavuln:cache:get:security-advisory:admin-lte:RUp3ZB4My8ANoubLRQqh03MPmbIGOOeYhMvSU23N2M6kTnZZXMGYgQ/Y2XTxVMK76E8LYtWJIzKoDvwumUBnoA== Completed in 1ms
229 http fetch GET 200 https://registry.npmjs.org/admin-lte 692ms (cache revalidated)
230 timing metavuln:packument:admin-lte Completed in 695ms
231 timing metavuln:load:security-advisory:admin-lte:gdpXimbvbRvDM6F0l596C/0PxeEcADb/YkXrqQTABjTf0dOpVUWs7UlymEf/33UMUcRCM9QS8DlCA0tT2h1yGA== Completed in 1ms
232 timing metavuln:calculate:security-advisory:admin-lte:gdpXimbvbRvDM6F0l596C/0PxeEcADb/YkXrqQTABjTf0dOpVUWs7UlymEf/33UMUcRCM9QS8DlCA0tT2h1yGA== Completed in 696ms
233 timing auditReport:init Completed in 928ms
234 timing reify:audit Completed in 1139ms
235 timing reify Completed in 5546ms
236 silly ADD node_modules/@vue/devtools-api
237 silly ADD node_modules/@jridgewell/sourcemap-codec
238 silly ADD node_modules/@vue/reactivity
239 silly ADD node_modules/csstype
240 silly ADD node_modules/@vue/runtime-core
241 silly ADD node_modules/magic-string
242 silly ADD node_modules/@vue/reactivity-transform
243 silly ADD node_modules/@vue/compiler-ssr
244 silly ADD node_modules/estree-walker
245 silly ADD node_modules/@babel/parser
246 silly ADD node_modules/@vue/compiler-core
247 silly ADD node_modules/@vue/shared
248 silly ADD node_modules/@vue/server-renderer
249 silly ADD node_modules/@vue/runtime-dom
250 silly ADD node_modules/@vue/compiler-sfc
251 silly ADD node_modules/@vue/compiler-dom
252 silly ADD node_modules/vue
253 silly ADD node_modules/vue-router
254 silly ADD
255 silly ADD
256 silly ADD
257 silly ADD
258 silly ADD
259 silly ADD
260 silly ADD
261 silly ADD
262 silly ADD
263 silly ADD
264 silly ADD
265 silly ADD
266 silly ADD
267 silly ADD
268 silly ADD
269 silly ADD
270 silly ADD
271 silly ADD
272 silly ADD
273 silly ADD
274 silly ADD
275 silly ADD
276 timing command:i Completed in 5560ms
277 verbose exit 0
278 timing npm Completed in 5736ms
279 info ok
